{"/home/adeel/development/vuejs/Habit-Flow/public/sw.js": {"path":"/home/adeel/development/vuejs/Habit-Flow/public/sw.js","all":true,"statementMap":{"0":{"start":{"line":1,"column":0},"end":{"line":1,"column":30}},"1":{"start":{"line":2,"column":0},"end":{"line":2,"column":46}},"2":{"start":{"line":3,"column":0},"end":{"line":3,"column":35}},"3":{"start":{"line":4,"column":0},"end":{"line":4,"column":21}},"4":{"start":{"line":5,"column":0},"end":{"line":5,"column":6}},"5":{"start":{"line":6,"column":0},"end":{"line":6,"column":14}},"6":{"start":{"line":7,"column":0},"end":{"line":7,"column":38}},"7":{"start":{"line":8,"column":0},"end":{"line":8,"column":2}},"9":{"start":{"line":10,"column":0},"end":{"line":10,"column":38}},"10":{"start":{"line":11,"column":0},"end":{"line":11,"column":43}},"11":{"start":{"line":12,"column":0},"end":{"line":12,"column":18}},"12":{"start":{"line":13,"column":0},"end":{"line":13,"column":10}},"13":{"start":{"line":14,"column":0},"end":{"line":14,"column":23}},"14":{"start":{"line":15,"column":0},"end":{"line":15,"column":47}},"15":{"start":{"line":16,"column":0},"end":{"line":16,"column":37}},"16":{"start":{"line":17,"column":0},"end":{"line":17,"column":4}},"17":{"start":{"line":18,"column":0},"end":{"line":18,"column":3}},"19":{"start":{"line":20,"column":0},"end":{"line":20,"column":39}},"20":{"start":{"line":21,"column":0},"end":{"line":21,"column":44}},"21":{"start":{"line":22,"column":0},"end":{"line":22,"column":18}},"22":{"start":{"line":23,"column":0},"end":{"line":23,"column":10}},"23":{"start":{"line":24,"column":0},"end":{"line":24,"column":13}},"24":{"start":{"line":25,"column":0},"end":{"line":25,"column":27}},"25":{"start":{"line":26,"column":0},"end":{"line":26,"column":27}},"26":{"start":{"line":27,"column":0},"end":{"line":27,"column":39}},"27":{"start":{"line":28,"column":0},"end":{"line":28,"column":43}},"28":{"start":{"line":29,"column":0},"end":{"line":29,"column":46}},"29":{"start":{"line":30,"column":0},"end":{"line":30,"column":13}},"30":{"start":{"line":31,"column":0},"end":{"line":31,"column":12}},"31":{"start":{"line":32,"column":0},"end":{"line":32,"column":10}},"32":{"start":{"line":33,"column":0},"end":{"line":33,"column":8}},"33":{"start":{"line":34,"column":0},"end":{"line":34,"column":39}},"34":{"start":{"line":35,"column":0},"end":{"line":35,"column":4}},"35":{"start":{"line":36,"column":0},"end":{"line":36,"column":3}},"37":{"start":{"line":38,"column":0},"end":{"line":38,"column":58}},"38":{"start":{"line":39,"column":0},"end":{"line":39,"column":40}},"39":{"start":{"line":40,"column":0},"end":{"line":40,"column":45}},"41":{"start":{"line":42,"column":0},"end":{"line":42,"column":28}},"43":{"start":{"line":44,"column":0},"end":{"line":44,"column":19}},"44":{"start":{"line":45,"column":0},"end":{"line":45,"column":9}},"45":{"start":{"line":46,"column":0},"end":{"line":46,"column":43}},"46":{"start":{"line":47,"column":0},"end":{"line":47,"column":13}},"47":{"start":{"line":48,"column":0},"end":{"line":48,"column":26}},"48":{"start":{"line":49,"column":0},"end":{"line":49,"column":32}},"49":{"start":{"line":50,"column":0},"end":{"line":50,"column":66}},"50":{"start":{"line":51,"column":0},"end":{"line":51,"column":8}},"51":{"start":{"line":52,"column":0},"end":{"line":52,"column":5}},"52":{"start":{"line":53,"column":0},"end":{"line":53,"column":3}},"54":{"start":{"line":55,"column":0},"end":{"line":55,"column":19}},"55":{"start":{"line":56,"column":0},"end":{"line":56,"column":80}},"56":{"start":{"line":57,"column":0},"end":{"line":57,"column":22}},"57":{"start":{"line":58,"column":0},"end":{"line":58,"column":23}},"58":{"start":{"line":59,"column":0},"end":{"line":59,"column":50}},"59":{"start":{"line":60,"column":0},"end":{"line":60,"column":38}},"60":{"start":{"line":61,"column":0},"end":{"line":61,"column":30}},"61":{"start":{"line":62,"column":0},"end":{"line":62,"column":14}},"62":{"start":{"line":63,"column":0},"end":{"line":63,"column":7}},"63":{"start":{"line":64,"column":0},"end":{"line":64,"column":32}},"64":{"start":{"line":65,"column":0},"end":{"line":65,"column":31}},"65":{"start":{"line":66,"column":0},"end":{"line":66,"column":26}},"66":{"start":{"line":67,"column":0},"end":{"line":67,"column":8}},"67":{"start":{"line":68,"column":0},"end":{"line":68,"column":7}},"68":{"start":{"line":69,"column":0},"end":{"line":69,"column":26}},"69":{"start":{"line":70,"column":0},"end":{"line":70,"column":25}},"70":{"start":{"line":71,"column":0},"end":{"line":71,"column":26}},"71":{"start":{"line":72,"column":0},"end":{"line":72,"column":8}},"72":{"start":{"line":73,"column":0},"end":{"line":73,"column":6}},"73":{"start":{"line":74,"column":0},"end":{"line":74,"column":4}},"75":{"start":{"line":76,"column":0},"end":{"line":76,"column":18}},"76":{"start":{"line":77,"column":0},"end":{"line":77,"column":39}},"77":{"start":{"line":78,"column":0},"end":{"line":78,"column":49}},"78":{"start":{"line":79,"column":0},"end":{"line":79,"column":13}},"79":{"start":{"line":80,"column":0},"end":{"line":80,"column":5}},"80":{"start":{"line":81,"column":0},"end":{"line":81,"column":4}},"81":{"start":{"line":82,"column":0},"end":{"line":82,"column":3}},"83":{"start":{"line":84,"column":0},"end":{"line":84,"column":35}},"84":{"start":{"line":85,"column":0},"end":{"line":85,"column":53}},"85":{"start":{"line":86,"column":0},"end":{"line":86,"column":46}},"87":{"start":{"line":88,"column":0},"end":{"line":88,"column":29}},"89":{"start":{"line":90,"column":0},"end":{"line":90,"column":30}},"90":{"start":{"line":91,"column":0},"end":{"line":91,"column":45}},"92":{"start":{"line":93,"column":0},"end":{"line":93,"column":51}},"93":{"start":{"line":94,"column":0},"end":{"line":94,"column":39}},"94":{"start":{"line":95,"column":0},"end":{"line":95,"column":57}},"95":{"start":{"line":96,"column":0},"end":{"line":96,"column":36}},"96":{"start":{"line":97,"column":0},"end":{"line":97,"column":55}},"97":{"start":{"line":98,"column":0},"end":{"line":98,"column":11}},"98":{"start":{"line":99,"column":0},"end":{"line":99,"column":10}},"99":{"start":{"line":100,"column":0},"end":{"line":100,"column":36}},"100":{"start":{"line":101,"column":0},"end":{"line":101,"column":20}},"101":{"start":{"line":102,"column":0},"end":{"line":102,"column":63}},"102":{"start":{"line":103,"column":0},"end":{"line":103,"column":39}},"103":{"start":{"line":104,"column":0},"end":{"line":104,"column":42}},"104":{"start":{"line":105,"column":0},"end":{"line":105,"column":73}},"105":{"start":{"line":106,"column":0},"end":{"line":106,"column":34}},"106":{"start":{"line":107,"column":0},"end":{"line":107,"column":11}},"107":{"start":{"line":108,"column":0},"end":{"line":108,"column":9}},"109":{"start":{"line":110,"column":0},"end":{"line":110,"column":54}},"110":{"start":{"line":111,"column":0},"end":{"line":111,"column":33}},"111":{"start":{"line":112,"column":0},"end":{"line":112,"column":40}},"112":{"start":{"line":113,"column":0},"end":{"line":113,"column":72}},"113":{"start":{"line":114,"column":0},"end":{"line":114,"column":35}},"114":{"start":{"line":115,"column":0},"end":{"line":115,"column":47}},"115":{"start":{"line":116,"column":0},"end":{"line":116,"column":9}},"116":{"start":{"line":117,"column":0},"end":{"line":117,"column":8}},"117":{"start":{"line":118,"column":0},"end":{"line":118,"column":6}},"118":{"start":{"line":119,"column":0},"end":{"line":119,"column":3}},"119":{"start":{"line":120,"column":0},"end":{"line":120,"column":3}},"121":{"start":{"line":122,"column":0},"end":{"line":122,"column":51}},"122":{"start":{"line":123,"column":0},"end":{"line":123,"column":47}},"123":{"start":{"line":124,"column":0},"end":{"line":124,"column":7}},"124":{"start":{"line":125,"column":0},"end":{"line":125,"column":61}},"125":{"start":{"line":126,"column":0},"end":{"line":126,"column":66}},"127":{"start":{"line":128,"column":0},"end":{"line":128,"column":34}},"128":{"start":{"line":129,"column":0},"end":{"line":129,"column":26}},"129":{"start":{"line":130,"column":0},"end":{"line":130,"column":31}},"130":{"start":{"line":131,"column":0},"end":{"line":131,"column":25}},"131":{"start":{"line":132,"column":0},"end":{"line":132,"column":31}},"132":{"start":{"line":133,"column":0},"end":{"line":133,"column":9}},"133":{"start":{"line":134,"column":0},"end":{"line":134,"column":7}},"135":{"start":{"line":136,"column":0},"end":{"line":136,"column":32}},"136":{"start":{"line":137,"column":0},"end":{"line":137,"column":69}},"137":{"start":{"line":138,"column":0},"end":{"line":138,"column":65}},"138":{"start":{"line":139,"column":0},"end":{"line":139,"column":24}},"139":{"start":{"line":140,"column":0},"end":{"line":140,"column":29}},"140":{"start":{"line":141,"column":0},"end":{"line":141,"column":32}},"141":{"start":{"line":142,"column":0},"end":{"line":142,"column":7}},"142":{"start":{"line":143,"column":0},"end":{"line":143,"column":19}},"143":{"start":{"line":144,"column":0},"end":{"line":144,"column":70}},"145":{"start":{"line":146,"column":0},"end":{"line":146,"column":30}},"146":{"start":{"line":147,"column":0},"end":{"line":147,"column":55}},"147":{"start":{"line":148,"column":0},"end":{"line":148,"column":61}},"148":{"start":{"line":149,"column":0},"end":{"line":149,"column":24}},"149":{"start":{"line":150,"column":0},"end":{"line":150,"column":25}},"150":{"start":{"line":151,"column":0},"end":{"line":151,"column":7}},"151":{"start":{"line":152,"column":0},"end":{"line":152,"column":3}},"152":{"start":{"line":153,"column":0},"end":{"line":153,"column":1}},"154":{"start":{"line":155,"column":0},"end":{"line":155,"column":53}},"155":{"start":{"line":156,"column":0},"end":{"line":156,"column":40}},"156":{"start":{"line":157,"column":0},"end":{"line":157,"column":51}},"158":{"start":{"line":159,"column":0},"end":{"line":159,"column":46}},"159":{"start":{"line":160,"column":0},"end":{"line":160,"column":44}},"160":{"start":{"line":161,"column":0},"end":{"line":161,"column":3}},"161":{"start":{"line":162,"column":0},"end":{"line":162,"column":3}},"163":{"start":{"line":164,"column":0},"end":{"line":164,"column":50}},"164":{"start":{"line":165,"column":0},"end":{"line":165,"column":39}},"165":{"start":{"line":166,"column":0},"end":{"line":166,"column":7}},"166":{"start":{"line":167,"column":0},"end":{"line":167,"column":72}},"167":{"start":{"line":168,"column":0},"end":{"line":168,"column":33}},"168":{"start":{"line":169,"column":0},"end":{"line":169,"column":56}},"169":{"start":{"line":170,"column":0},"end":{"line":170,"column":19}},"170":{"start":{"line":171,"column":0},"end":{"line":171,"column":61}},"171":{"start":{"line":172,"column":0},"end":{"line":172,"column":3}},"172":{"start":{"line":173,"column":0},"end":{"line":173,"column":1}},"174":{"start":{"line":175,"column":0},"end":{"line":175,"column":50}},"175":{"start":{"line":176,"column":0},"end":{"line":176,"column":41}},"176":{"start":{"line":177,"column":0},"end":{"line":177,"column":37}},"177":{"start":{"line":178,"column":0},"end":{"line":178,"column":39}},"178":{"start":{"line":179,"column":0},"end":{"line":179,"column":11}},"179":{"start":{"line":180,"column":0},"end":{"line":180,"column":3}},"181":{"start":{"line":182,"column":0},"end":{"line":182,"column":56}},"182":{"start":{"line":183,"column":0},"end":{"line":183,"column":46}},"183":{"start":{"line":184,"column":0},"end":{"line":184,"column":11}},"184":{"start":{"line":185,"column":0},"end":{"line":185,"column":3}},"186":{"start":{"line":187,"column":0},"end":{"line":187,"column":20}},"187":{"start":{"line":188,"column":0},"end":{"line":188,"column":50}},"188":{"start":{"line":189,"column":0},"end":{"line":189,"column":43}},"189":{"start":{"line":190,"column":0},"end":{"line":190,"column":21}},"190":{"start":{"line":191,"column":0},"end":{"line":191,"column":24}},"191":{"start":{"line":192,"column":0},"end":{"line":192,"column":7}},"193":{"start":{"line":194,"column":0},"end":{"line":194,"column":37}},"194":{"start":{"line":195,"column":0},"end":{"line":195,"column":33}},"195":{"start":{"line":196,"column":0},"end":{"line":196,"column":27}},"196":{"start":{"line":197,"column":0},"end":{"line":197,"column":68}},"197":{"start":{"line":198,"column":0},"end":{"line":198,"column":14}},"198":{"start":{"line":199,"column":0},"end":{"line":199,"column":24}},"199":{"start":{"line":200,"column":0},"end":{"line":200,"column":38}},"200":{"start":{"line":201,"column":0},"end":{"line":201,"column":37}},"201":{"start":{"line":202,"column":0},"end":{"line":202,"column":13}},"202":{"start":{"line":203,"column":0},"end":{"line":203,"column":28}},"203":{"start":{"line":204,"column":0},"end":{"line":204,"column":11}},"205":{"start":{"line":206,"column":0},"end":{"line":206,"column":55}},"206":{"start":{"line":207,"column":0},"end":{"line":207,"column":65}},"207":{"start":{"line":208,"column":0},"end":{"line":208,"column":28}},"208":{"start":{"line":209,"column":0},"end":{"line":209,"column":11}},"210":{"start":{"line":211,"column":0},"end":{"line":211,"column":43}},"211":{"start":{"line":212,"column":0},"end":{"line":212,"column":51}},"213":{"start":{"line":214,"column":0},"end":{"line":214,"column":16}},"214":{"start":{"line":215,"column":0},"end":{"line":215,"column":29}},"215":{"start":{"line":216,"column":0},"end":{"line":216,"column":28}},"216":{"start":{"line":217,"column":0},"end":{"line":217,"column":19}},"217":{"start":{"line":218,"column":0},"end":{"line":218,"column":58}},"218":{"start":{"line":219,"column":0},"end":{"line":219,"column":31}},"219":{"start":{"line":220,"column":0},"end":{"line":220,"column":29}},"220":{"start":{"line":221,"column":0},"end":{"line":221,"column":45}},"221":{"start":{"line":222,"column":0},"end":{"line":222,"column":36}},"222":{"start":{"line":223,"column":0},"end":{"line":223,"column":23}},"223":{"start":{"line":224,"column":0},"end":{"line":224,"column":18}},"224":{"start":{"line":225,"column":0},"end":{"line":225,"column":15}},"225":{"start":{"line":226,"column":0},"end":{"line":226,"column":14}},"226":{"start":{"line":227,"column":0},"end":{"line":227,"column":29}},"227":{"start":{"line":228,"column":0},"end":{"line":228,"column":61}},"228":{"start":{"line":229,"column":0},"end":{"line":229,"column":15}},"230":{"start":{"line":231,"column":0},"end":{"line":231,"column":26}},"231":{"start":{"line":232,"column":0},"end":{"line":232,"column":10}},"232":{"start":{"line":233,"column":0},"end":{"line":233,"column":25}},"233":{"start":{"line":234,"column":0},"end":{"line":234,"column":66}},"234":{"start":{"line":235,"column":0},"end":{"line":235,"column":61}},"235":{"start":{"line":236,"column":0},"end":{"line":236,"column":22}},"236":{"start":{"line":237,"column":0},"end":{"line":237,"column":11}},"237":{"start":{"line":238,"column":0},"end":{"line":238,"column":6}},"238":{"start":{"line":239,"column":0},"end":{"line":239,"column":4}},"239":{"start":{"line":240,"column":0},"end":{"line":240,"column":3}}},"s":{"0":0,"1":0,"2":0,"3":0,"4":0,"5":0,"6":0,"7":0,"9":0,"10":0,"11":0,"12":0,"13":0,"14":0,"15":0,"16":0,"17":0,"19":0,"20":0,"21":0,"22":0,"23":0,"24":0,"25":0,"26":0,"27":0,"28":0,"29":0,"30":0,"31":0,"32":0,"33":0,"34":0,"35":0,"37":0,"38":0,"39":0,"41":0,"43":0,"44":0,"45":0,"46":0,"47":0,"48":0,"49":0,"50":0,"51":0,"52":0,"54":0,"55":0,"56":0,"57":0,"58":0,"59":0,"60":0,"61":0,"62":0,"63":0,"64":0,"65":0,"66":0,"67":0,"68":0,"69":0,"70":0,"71":0,"72":0,"73":0,"75":0,"76":0,"77":0,"78":0,"79":0,"80":0,"81":0,"83":0,"84":0,"85":0,"87":0,"89":0,"90":0,"92":0,"93":0,"94":0,"95":0,"96":0,"97":0,"98":0,"99":0,"100":0,"101":0,"102":0,"103":0,"104":0,"105":0,"106":0,"107":0,"109":0,"110":0,"111":0,"112":0,"113":0,"114":0,"115":0,"116":0,"117":0,"118":0,"119":0,"121":0,"122":0,"123":0,"124":0,"125":0,"127":0,"128":0,"129":0,"130":0,"131":0,"132":0,"133":0,"135":0,"136":0,"137":0,"138":0,"139":0,"140":0,"141":0,"142":0,"143":0,"145":0,"146":0,"147":0,"148":0,"149":0,"150":0,"151":0,"152":0,"154":0,"155":0,"156":0,"158":0,"159":0,"160":0,"161":0,"163":0,"164":0,"165":0,"166":0,"167":0,"168":0,"169":0,"170":0,"171":0,"172":0,"174":0,"175":0,"176":0,"177":0,"178":0,"179":0,"181":0,"182":0,"183":0,"184":0,"186":0,"187":0,"188":0,"189":0,"190":0,"191":0,"193":0,"194":0,"195":0,"196":0,"197":0,"198":0,"199":0,"200":0,"201":0,"202":0,"203":0,"205":0,"206":0,"207":0,"208":0,"210":0,"211":0,"213":0,"214":0,"215":0,"216":0,"217":0,"218":0,"219":0,"220":0,"221":0,"222":0,"223":0,"224":0,"225":0,"226":0,"227":0,"228":0,"230":0,"231":0,"232":0,"233":0,"234":0,"235":0,"236":0,"237":0,"238":0,"239":0},"branchMap":{"0":{"type":"branch","line":1,"loc":{"start":{"line":1,"column":0},"end":{"line":240,"column":-3}},"locations":[{"start":{"line":1,"column":0},"end":{"line":240,"column":-3}}]}},"b":{"0":[0]},"fnMap":{"0":{"name":"(empty-report)","decl":{"start":{"line":1,"column":0},"end":{"line":240,"column":-3}},"loc":{"start":{"line":1,"column":0},"end":{"line":240,"column":-3}},"line":1}},"f":{"0":0}}
,"/home/adeel/development/vuejs/Habit-Flow/src/App.vue": {"path":"/home/adeel/development/vuejs/Habit-Flow/src/App.vue","all":true,"statementMap":{"1":{"start":{"line":2,"column":0},"end":{"line":2,"column":16}},"2":{"start":{"line":3,"column":0},"end":{"line":3,"column":53}},"3":{"start":{"line":4,"column":0},"end":{"line":4,"column":48}},"4":{"start":{"line":5,"column":0},"end":{"line":5,"column":21}},"5":{"start":{"line":6,"column":0},"end":{"line":6,"column":16}},"7":{"start":{"line":8,"column":0},"end":{"line":8,"column":43}},"8":{"start":{"line":9,"column":0},"end":{"line":9,"column":26}},"9":{"start":{"line":10,"column":0},"end":{"line":10,"column":8}},"13":{"start":{"line":14,"column":0},"end":{"line":14,"column":58}},"14":{"start":{"line":15,"column":0},"end":{"line":15,"column":44}},"16":{"start":{"line":17,"column":0},"end":{"line":17,"column":33}}},"s":{"1":0,"2":0,"3":0,"4":0,"5":0,"7":0,"8":0,"9":0,"13":0,"14":0,"16":0},"branchMap":{"0":{"type":"branch","line":1,"loc":{"start":{"line":1,"column":437},"end":{"line":18,"column":9}},"locations":[{"start":{"line":1,"column":437},"end":{"line":18,"column":9}}]}},"b":{"0":[1]},"fnMap":{"0":{"name":"(empty-report)","decl":{"start":{"line":1,"column":437},"end":{"line":18,"column":9}},"loc":{"start":{"line":1,"column":437},"end":{"line":18,"column":9}},"line":1}},"f":{"0":1}}
,"/home/adeel/development/vuejs/Habit-Flow/src/main.ts": {"path":"/home/adeel/development/vuejs/Habit-Flow/src/main.ts","all":true,"statementMap":{"0":{"start":{"line":1,"column":0},"end":{"line":1,"column":32}},"1":{"start":{"line":2,"column":0},"end":{"line":2,"column":21}},"2":{"start":{"line":3,"column":0},"end":{"line":3,"column":28}},"3":{"start":{"line":4,"column":0},"end":{"line":4,"column":32}},"4":{"start":{"line":5,"column":0},"end":{"line":5,"column":30}},"5":{"start":{"line":6,"column":0},"end":{"line":6,"column":79}},"7":{"start":{"line":8,"column":0},"end":{"line":8,"column":27}},"10":{"start":{"line":11,"column":0},"end":{"line":11,"column":15}},"14":{"start":{"line":15,"column":0},"end":{"line":15,"column":35}},"15":{"start":{"line":16,"column":0},"end":{"line":16,"column":23}},"18":{"start":{"line":19,"column":0},"end":{"line":19,"column":16}},"21":{"start":{"line":22,"column":0},"end":{"line":22,"column":45}},"22":{"start":{"line":23,"column":0},"end":{"line":23,"column":53}},"23":{"start":{"line":24,"column":0},"end":{"line":24,"column":39}},"25":{"start":{"line":26,"column":0},"end":{"line":26,"column":51}},"28":{"start":{"line":29,"column":0},"end":{"line":29,"column":37}},"29":{"start":{"line":30,"column":0},"end":{"line":30,"column":72}},"30":{"start":{"line":31,"column":0},"end":{"line":31,"column":63}},"31":{"start":{"line":32,"column":0},"end":{"line":32,"column":39}},"33":{"start":{"line":34,"column":0},"end":{"line":34,"column":13}},"35":{"start":{"line":36,"column":0},"end":{"line":36,"column":71}},"37":{"start":{"line":38,"column":0},"end":{"line":38,"column":31}},"38":{"start":{"line":39,"column":0},"end":{"line":39,"column":71}},"41":{"start":{"line":42,"column":0},"end":{"line":42,"column":78}},"42":{"start":{"line":43,"column":0},"end":{"line":43,"column":73}},"43":{"start":{"line":44,"column":0},"end":{"line":44,"column":45}},"44":{"start":{"line":45,"column":0},"end":{"line":45,"column":15}},"45":{"start":{"line":46,"column":0},"end":{"line":46,"column":18}},"46":{"start":{"line":47,"column":0},"end":{"line":47,"column":26}},"47":{"start":{"line":48,"column":0},"end":{"line":48,"column":60}},"48":{"start":{"line":49,"column":0},"end":{"line":49,"column":26}},"49":{"start":{"line":50,"column":0},"end":{"line":50,"column":14}},"50":{"start":{"line":51,"column":0},"end":{"line":51,"column":11}},"51":{"start":{"line":52,"column":0},"end":{"line":52,"column":25}},"52":{"start":{"line":53,"column":0},"end":{"line":53,"column":76}},"53":{"start":{"line":54,"column":0},"end":{"line":54,"column":9}},"54":{"start":{"line":55,"column":0},"end":{"line":55,"column":7}},"55":{"start":{"line":56,"column":0},"end":{"line":56,"column":7}},"56":{"start":{"line":57,"column":0},"end":{"line":57,"column":3}},"57":{"start":{"line":58,"column":0},"end":{"line":58,"column":2}},"60":{"start":{"line":61,"column":0},"end":{"line":61,"column":42}},"62":{"start":{"line":63,"column":0},"end":{"line":63,"column":18}}},"s":{"0":0,"1":0,"2":0,"3":0,"4":0,"5":0,"7":0,"10":0,"14":0,"15":0,"18":0,"21":0,"22":0,"23":0,"25":0,"28":0,"29":0,"30":0,"31":0,"33":0,"35":0,"37":0,"38":0,"41":0,"42":0,"43":0,"44":0,"45":0,"46":0,"47":0,"48":0,"49":0,"50":0,"51":0,"52":0,"53":0,"54":0,"55":0,"56":0,"57":0,"60":0,"62":0},"branchMap":{"0":{"type":"branch","line":1,"loc":{"start":{"line":1,"column":0},"end":{"line":63,"column":-212}},"locations":[{"start":{"line":1,"column":0},"end":{"line":63,"column":-212}}]}},"b":{"0":[0]},"fnMap":{"0":{"name":"(empty-report)","decl":{"start":{"line":1,"column":0},"end":{"line":63,"column":-212}},"loc":{"start":{"line":1,"column":0},"end":{"line":63,"column":-212}},"line":1}},"f":{"0":0}}
,"/home/adeel/development/vuejs/Habit-Flow/src/components/HelloWorld.vue": {"path":"/home/adeel/development/vuejs/Habit-Flow/src/components/HelloWorld.vue","all":true,"statementMap":{"1":{"start":{"line":2,"column":0},"end":{"line":2,"column":40}},"6":{"start":{"line":7,"column":0},"end":{"line":7,"column":33}},"10":{"start":{"line":11,"column":0},"end":{"line":11,"column":20}},"12":{"start":{"line":13,"column":0},"end":{"line":13,"column":6}},"13":{"start":{"line":14,"column":0},"end":{"line":14,"column":107}},"15":{"start":{"line":16,"column":0},"end":{"line":16,"column":60}},"17":{"start":{"line":18,"column":0},"end":{"line":18,"column":28}},"18":{"start":{"line":19,"column":0},"end":{"line":19,"column":22}},"19":{"start":{"line":20,"column":0},"end":{"line":20,"column":57}},"20":{"start":{"line":21,"column":0},"end":{"line":21,"column":70}},"21":{"start":{"line":22,"column":0},"end":{"line":22,"column":34}},"22":{"start":{"line":23,"column":0},"end":{"line":23,"column":15}},"23":{"start":{"line":24,"column":0},"end":{"line":24,"column":23}},"24":{"start":{"line":25,"column":0},"end":{"line":25,"column":38}},"25":{"start":{"line":26,"column":0},"end":{"line":26,"column":96}},"26":{"start":{"line":27,"column":0},"end":{"line":27,"column":9}},"28":{"start":{"line":29,"column":0},"end":{"line":29,"column":17}},"29":{"start":{"line":30,"column":0},"end":{"line":30,"column":15}},"30":{"start":{"line":31,"column":0},"end":{"line":31,"column":23}},"31":{"start":{"line":32,"column":0},"end":{"line":32,"column":38}},"32":{"start":{"line":33,"column":0},"end":{"line":33,"column":92}},"33":{"start":{"line":34,"column":0},"end":{"line":34,"column":9}},"35":{"start":{"line":36,"column":0},"end":{"line":36,"column":17}},"36":{"start":{"line":37,"column":0},"end":{"line":37,"column":12}},"37":{"start":{"line":38,"column":0},"end":{"line":38,"column":10}},"39":{"start":{"line":40,"column":0},"end":{"line":40,"column":28}},"40":{"start":{"line":41,"column":0},"end":{"line":41,"column":22}},"41":{"start":{"line":42,"column":0},"end":{"line":42,"column":61}},"42":{"start":{"line":43,"column":0},"end":{"line":43,"column":13}},"43":{"start":{"line":44,"column":0},"end":{"line":44,"column":21}},"44":{"start":{"line":45,"column":0},"end":{"line":45,"column":63}},"45":{"start":{"line":46,"column":0},"end":{"line":46,"column":101}},"46":{"start":{"line":47,"column":0},"end":{"line":47,"column":7}},"48":{"start":{"line":49,"column":0},"end":{"line":49,"column":15}},"49":{"start":{"line":50,"column":0},"end":{"line":50,"column":10}},"51":{"start":{"line":52,"column":0},"end":{"line":52,"column":25}},"52":{"start":{"line":53,"column":0},"end":{"line":53,"column":22}},"53":{"start":{"line":54,"column":0},"end":{"line":54,"column":53}},"54":{"start":{"line":55,"column":0},"end":{"line":55,"column":62}},"55":{"start":{"line":56,"column":0},"end":{"line":56,"column":13}},"56":{"start":{"line":57,"column":0},"end":{"line":57,"column":21}},"57":{"start":{"line":58,"column":0},"end":{"line":58,"column":16}},"60":{"start":{"line":61,"column":0},"end":{"line":61,"column":101}},"61":{"start":{"line":62,"column":0},"end":{"line":62,"column":7}},"63":{"start":{"line":64,"column":0},"end":{"line":64,"column":15}},"64":{"start":{"line":65,"column":0},"end":{"line":65,"column":10}},"65":{"start":{"line":66,"column":0},"end":{"line":66,"column":8}},"67":{"start":{"line":68,"column":0},"end":{"line":68,"column":5}},"69":{"start":{"line":70,"column":0},"end":{"line":70,"column":54}},"70":{"start":{"line":71,"column":0},"end":{"line":71,"column":6}},"72":{"start":{"line":73,"column":0},"end":{"line":73,"column":5}},"74":{"start":{"line":75,"column":0},"end":{"line":75,"column":76}},"75":{"start":{"line":76,"column":0},"end":{"line":76,"column":20}},"76":{"start":{"line":77,"column":0},"end":{"line":77,"column":38}},"77":{"start":{"line":78,"column":0},"end":{"line":78,"column":6}},"78":{"start":{"line":79,"column":0},"end":{"line":79,"column":5}},"80":{"start":{"line":81,"column":0},"end":{"line":81,"column":6}},"81":{"start":{"line":82,"column":0},"end":{"line":82,"column":72}},"82":{"start":{"line":83,"column":0},"end":{"line":83,"column":21}},"83":{"start":{"line":84,"column":0},"end":{"line":84,"column":35}},"84":{"start":{"line":85,"column":0},"end":{"line":85,"column":6}},"85":{"start":{"line":86,"column":0},"end":{"line":86,"column":6}},"86":{"start":{"line":87,"column":0},"end":{"line":87,"column":76}}},"s":{"1":0,"6":0,"10":0,"12":0,"13":0,"15":0,"17":0,"18":0,"19":0,"20":0,"21":0,"22":0,"23":0,"24":0,"25":0,"26":0,"28":0,"29":0,"30":0,"31":0,"32":0,"33":0,"35":0,"36":0,"37":0,"39":0,"40":0,"41":0,"42":0,"43":0,"44":0,"45":0,"46":0,"48":0,"49":0,"51":0,"52":0,"53":0,"54":0,"55":0,"56":0,"57":0,"60":0,"61":0,"63":0,"64":0,"65":0,"67":0,"69":0,"70":0,"72":0,"74":0,"75":0,"76":0,"77":0,"78":0,"80":0,"81":0,"82":0,"83":0,"84":0,"85":0,"86":0},"branchMap":{"0":{"type":"branch","line":1,"loc":{"start":{"line":1,"column":2513},"end":{"line":94,"column":8}},"locations":[{"start":{"line":1,"column":2513},"end":{"line":94,"column":8}}]}},"b":{"0":[1]},"fnMap":{"0":{"name":"(empty-report)","decl":{"start":{"line":1,"column":2513},"end":{"line":94,"column":8}},"loc":{"start":{"line":1,"column":2513},"end":{"line":94,"column":8}},"line":1}},"f":{"0":1}}
,"/home/adeel/development/vuejs/Habit-Flow/src/components/achievements/AchievementBadge.vue": {"path":"/home/adeel/development/vuejs/Habit-Flow/src/components/achievements/AchievementBadge.vue","all":true,"statementMap":{"1":{"start":{"line":2,"column":0},"end":{"line":2,"column":6}},"2":{"start":{"line":3,"column":0},"end":{"line":3,"column":13}},"6":{"start":{"line":7,"column":0},"end":{"line":7,"column":40}},"7":{"start":{"line":8,"column":0},"end":{"line":8,"column":24}},"9":{"start":{"line":10,"column":0},"end":{"line":10,"column":28}},"10":{"start":{"line":11,"column":0},"end":{"line":11,"column":33}},"11":{"start":{"line":12,"column":0},"end":{"line":12,"column":19}},"12":{"start":{"line":13,"column":0},"end":{"line":13,"column":51}},"13":{"start":{"line":14,"column":0},"end":{"line":14,"column":30}},"14":{"start":{"line":15,"column":0},"end":{"line":15,"column":12}},"16":{"start":{"line":17,"column":0},"end":{"line":17,"column":19}},"17":{"start":{"line":18,"column":0},"end":{"line":18,"column":63}},"18":{"start":{"line":19,"column":0},"end":{"line":19,"column":30}},"19":{"start":{"line":20,"column":0},"end":{"line":20,"column":11}},"21":{"start":{"line":22,"column":0},"end":{"line":22,"column":26}},"22":{"start":{"line":23,"column":0},"end":{"line":23,"column":64}},"23":{"start":{"line":24,"column":0},"end":{"line":24,"column":37}},"24":{"start":{"line":25,"column":0},"end":{"line":25,"column":10}},"26":{"start":{"line":27,"column":0},"end":{"line":27,"column":58}},"27":{"start":{"line":28,"column":0},"end":{"line":28,"column":70}},"28":{"start":{"line":29,"column":0},"end":{"line":29,"column":54}},"29":{"start":{"line":30,"column":0},"end":{"line":30,"column":14}},"30":{"start":{"line":31,"column":0},"end":{"line":31,"column":64}},"31":{"start":{"line":32,"column":0},"end":{"line":32,"column":39}},"32":{"start":{"line":33,"column":0},"end":{"line":33,"column":71}},"33":{"start":{"line":34,"column":0},"end":{"line":34,"column":17}},"34":{"start":{"line":35,"column":0},"end":{"line":35,"column":14}},"35":{"start":{"line":36,"column":0},"end":{"line":36,"column":54}},"36":{"start":{"line":37,"column":0},"end":{"line":37,"column":67}},"37":{"start":{"line":38,"column":0},"end":{"line":38,"column":12}},"38":{"start":{"line":39,"column":0},"end":{"line":39,"column":12}},"40":{"start":{"line":41,"column":0},"end":{"line":41,"column":21}},"41":{"start":{"line":42,"column":0},"end":{"line":42,"column":64}},"42":{"start":{"line":43,"column":0},"end":{"line":43,"column":36}},"43":{"start":{"line":44,"column":0},"end":{"line":44,"column":12}},"45":{"start":{"line":46,"column":0},"end":{"line":46,"column":52}},"46":{"start":{"line":47,"column":0},"end":{"line":47,"column":10}},"47":{"start":{"line":48,"column":0},"end":{"line":48,"column":61}},"48":{"start":{"line":49,"column":0},"end":{"line":49,"column":63}},"49":{"start":{"line":50,"column":0},"end":{"line":50,"column":7}},"50":{"start":{"line":51,"column":0},"end":{"line":51,"column":54}},"51":{"start":{"line":52,"column":0},"end":{"line":52,"column":12}},"52":{"start":{"line":53,"column":0},"end":{"line":53,"column":10}},"54":{"start":{"line":55,"column":0},"end":{"line":55,"column":33}},"55":{"start":{"line":56,"column":0},"end":{"line":56,"column":8}},"56":{"start":{"line":57,"column":0},"end":{"line":57,"column":34}},"57":{"start":{"line":58,"column":0},"end":{"line":58,"column":79}},"59":{"start":{"line":60,"column":0},"end":{"line":60,"column":67}},"60":{"start":{"line":61,"column":0},"end":{"line":61,"column":13}},"61":{"start":{"line":62,"column":0},"end":{"line":62,"column":29}},"62":{"start":{"line":63,"column":0},"end":{"line":63,"column":128}},"63":{"start":{"line":64,"column":0},"end":{"line":64,"column":29}},"64":{"start":{"line":65,"column":0},"end":{"line":65,"column":16}},"65":{"start":{"line":66,"column":0},"end":{"line":66,"column":12}},"66":{"start":{"line":67,"column":0},"end":{"line":67,"column":10}},"68":{"start":{"line":69,"column":0},"end":{"line":69,"column":51}},"69":{"start":{"line":70,"column":0},"end":{"line":70,"column":8}},"70":{"start":{"line":71,"column":0},"end":{"line":71,"column":21}},"71":{"start":{"line":72,"column":0},"end":{"line":72,"column":100}},"73":{"start":{"line":74,"column":0},"end":{"line":74,"column":10}},"74":{"start":{"line":75,"column":0},"end":{"line":75,"column":37}},"75":{"start":{"line":76,"column":0},"end":{"line":76,"column":27}},"76":{"start":{"line":77,"column":0},"end":{"line":77,"column":27}},"78":{"start":{"line":79,"column":0},"end":{"line":79,"column":13}},"79":{"start":{"line":80,"column":0},"end":{"line":80,"column":29}},"80":{"start":{"line":81,"column":0},"end":{"line":81,"column":116}},"81":{"start":{"line":82,"column":0},"end":{"line":82,"column":29}},"82":{"start":{"line":83,"column":0},"end":{"line":83,"column":16}},"83":{"start":{"line":84,"column":0},"end":{"line":84,"column":12}},"84":{"start":{"line":85,"column":0},"end":{"line":85,"column":10}},"85":{"start":{"line":86,"column":0},"end":{"line":86,"column":8}},"89":{"start":{"line":90,"column":0},"end":{"line":90,"column":31}},"98":{"start":{"line":99,"column":0},"end":{"line":99,"column":50}},"107":{"start":{"line":108,"column":0},"end":{"line":108,"column":80}},"108":{"start":{"line":109,"column":0},"end":{"line":109,"column":36}},"109":{"start":{"line":110,"column":0},"end":{"line":110,"column":50}},"110":{"start":{"line":111,"column":0},"end":{"line":111,"column":2}},"112":{"start":{"line":113,"column":0},"end":{"line":113,"column":26}},"113":{"start":{"line":114,"column":0},"end":{"line":114,"column":69}},"114":{"start":{"line":115,"column":0},"end":{"line":115,"column":2}},"116":{"start":{"line":117,"column":0},"end":{"line":117,"column":37}},"117":{"start":{"line":118,"column":0},"end":{"line":118,"column":25}},"120":{"start":{"line":121,"column":0},"end":{"line":121,"column":23}},"121":{"start":{"line":122,"column":0},"end":{"line":122,"column":17}},"122":{"start":{"line":123,"column":0},"end":{"line":123,"column":40}},"123":{"start":{"line":124,"column":0},"end":{"line":124,"column":12}},"124":{"start":{"line":125,"column":0},"end":{"line":125,"column":17}},"125":{"start":{"line":126,"column":0},"end":{"line":126,"column":40}},"126":{"start":{"line":127,"column":0},"end":{"line":127,"column":12}},"127":{"start":{"line":128,"column":0},"end":{"line":128,"column":12}},"128":{"start":{"line":129,"column":0},"end":{"line":129,"column":40}},"129":{"start":{"line":130,"column":0},"end":{"line":130,"column":3}},"132":{"start":{"line":133,"column":0},"end":{"line":133,"column":36}},"133":{"start":{"line":134,"column":0},"end":{"line":134,"column":21}},"134":{"start":{"line":135,"column":0},"end":{"line":135,"column":66}},"135":{"start":{"line":136,"column":0},"end":{"line":136,"column":29}},"136":{"start":{"line":137,"column":0},"end":{"line":137,"column":6}},"137":{"start":{"line":138,"column":0},"end":{"line":138,"column":46}},"138":{"start":{"line":139,"column":0},"end":{"line":139,"column":21}},"139":{"start":{"line":140,"column":0},"end":{"line":140,"column":69}},"140":{"start":{"line":141,"column":0},"end":{"line":141,"column":30}},"141":{"start":{"line":142,"column":0},"end":{"line":142,"column":6}},"142":{"start":{"line":143,"column":0},"end":{"line":143,"column":44}},"143":{"start":{"line":144,"column":0},"end":{"line":144,"column":21}},"144":{"start":{"line":145,"column":0},"end":{"line":145,"column":63}},"145":{"start":{"line":146,"column":0},"end":{"line":146,"column":28}},"146":{"start":{"line":147,"column":0},"end":{"line":147,"column":6}},"147":{"start":{"line":148,"column":0},"end":{"line":148,"column":10}},"148":{"start":{"line":149,"column":0},"end":{"line":149,"column":21}},"149":{"start":{"line":150,"column":0},"end":{"line":150,"column":53}},"150":{"start":{"line":151,"column":0},"end":{"line":151,"column":18}},"151":{"start":{"line":152,"column":0},"end":{"line":152,"column":6}},"152":{"start":{"line":153,"column":0},"end":{"line":153,"column":3}},"154":{"start":{"line":155,"column":0},"end":{"line":155,"column":21}},"155":{"start":{"line":156,"column":0},"end":{"line":156,"column":3}},"157":{"start":{"line":158,"column":0},"end":{"line":158,"column":36}},"158":{"start":{"line":159,"column":0},"end":{"line":159,"column":36}},"159":{"start":{"line":160,"column":0},"end":{"line":160,"column":35}},"160":{"start":{"line":161,"column":0},"end":{"line":161,"column":30}},"161":{"start":{"line":162,"column":0},"end":{"line":162,"column":34}},"162":{"start":{"line":163,"column":0},"end":{"line":163,"column":10}},"163":{"start":{"line":164,"column":0},"end":{"line":164,"column":24}},"164":{"start":{"line":165,"column":0},"end":{"line":165,"column":3}},"165":{"start":{"line":166,"column":0},"end":{"line":166,"column":3}},"167":{"start":{"line":168,"column":0},"end":{"line":168,"column":36}},"168":{"start":{"line":169,"column":0},"end":{"line":169,"column":36}},"169":{"start":{"line":170,"column":0},"end":{"line":170,"column":28}},"170":{"start":{"line":171,"column":0},"end":{"line":171,"column":46}},"171":{"start":{"line":172,"column":0},"end":{"line":172,"column":29}},"172":{"start":{"line":173,"column":0},"end":{"line":173,"column":44}},"173":{"start":{"line":174,"column":0},"end":{"line":174,"column":27}},"174":{"start":{"line":175,"column":0},"end":{"line":175,"column":10}},"175":{"start":{"line":176,"column":0},"end":{"line":176,"column":27}},"176":{"start":{"line":177,"column":0},"end":{"line":177,"column":3}},"177":{"start":{"line":178,"column":0},"end":{"line":178,"column":3}},"179":{"start":{"line":180,"column":0},"end":{"line":180,"column":43}},"180":{"start":{"line":181,"column":0},"end":{"line":181,"column":36}},"181":{"start":{"line":182,"column":0},"end":{"line":182,"column":28}},"182":{"start":{"line":183,"column":0},"end":{"line":183,"column":46}},"183":{"start":{"line":184,"column":0},"end":{"line":184,"column":29}},"184":{"start":{"line":185,"column":0},"end":{"line":185,"column":44}},"185":{"start":{"line":186,"column":0},"end":{"line":186,"column":27}},"186":{"start":{"line":187,"column":0},"end":{"line":187,"column":10}},"187":{"start":{"line":188,"column":0},"end":{"line":188,"column":27}},"188":{"start":{"line":189,"column":0},"end":{"line":189,"column":3}},"189":{"start":{"line":190,"column":0},"end":{"line":190,"column":3}},"191":{"start":{"line":192,"column":0},"end":{"line":192,"column":38}},"192":{"start":{"line":193,"column":0},"end":{"line":193,"column":36}},"193":{"start":{"line":194,"column":0},"end":{"line":194,"column":28}},"194":{"start":{"line":195,"column":0},"end":{"line":195,"column":46}},"195":{"start":{"line":196,"column":0},"end":{"line":196,"column":29}},"196":{"start":{"line":197,"column":0},"end":{"line":197,"column":44}},"197":{"start":{"line":198,"column":0},"end":{"line":198,"column":27}},"198":{"start":{"line":199,"column":0},"end":{"line":199,"column":10}},"199":{"start":{"line":200,"column":0},"end":{"line":200,"column":27}},"200":{"start":{"line":201,"column":0},"end":{"line":201,"column":3}},"201":{"start":{"line":202,"column":0},"end":{"line":202,"column":3}},"203":{"start":{"line":204,"column":0},"end":{"line":204,"column":43}},"204":{"start":{"line":205,"column":0},"end":{"line":205,"column":39}},"205":{"start":{"line":206,"column":0},"end":{"line":206,"column":26}},"206":{"start":{"line":207,"column":0},"end":{"line":207,"column":46}},"207":{"start":{"line":208,"column":0},"end":{"line":208,"column":27}},"208":{"start":{"line":209,"column":0},"end":{"line":209,"column":10}},"209":{"start":{"line":210,"column":0},"end":{"line":210,"column":25}},"210":{"start":{"line":211,"column":0},"end":{"line":211,"column":3}},"211":{"start":{"line":212,"column":0},"end":{"line":212,"column":3}},"213":{"start":{"line":214,"column":0},"end":{"line":214,"column":36}},"214":{"start":{"line":215,"column":0},"end":{"line":215,"column":36}},"215":{"start":{"line":216,"column":0},"end":{"line":216,"column":54}},"216":{"start":{"line":217,"column":0},"end":{"line":217,"column":30}},"217":{"start":{"line":218,"column":0},"end":{"line":218,"column":54}},"218":{"start":{"line":219,"column":0},"end":{"line":219,"column":10}},"219":{"start":{"line":220,"column":0},"end":{"line":220,"column":87}},"220":{"start":{"line":221,"column":0},"end":{"line":221,"column":3}},"221":{"start":{"line":222,"column":0},"end":{"line":222,"column":3}},"223":{"start":{"line":224,"column":0},"end":{"line":224,"column":44}},"224":{"start":{"line":225,"column":0},"end":{"line":225,"column":36}},"225":{"start":{"line":226,"column":0},"end":{"line":226,"column":43}},"226":{"start":{"line":227,"column":0},"end":{"line":227,"column":19}},"227":{"start":{"line":228,"column":0},"end":{"line":228,"column":19}},"228":{"start":{"line":229,"column":0},"end":{"line":229,"column":9}},"229":{"start":{"line":230,"column":0},"end":{"line":230,"column":78}},"230":{"start":{"line":231,"column":0},"end":{"line":231,"column":5}},"231":{"start":{"line":232,"column":0},"end":{"line":232,"column":2}}},"s":{"1":0,"2":0,"6":0,"7":0,"9":0,"10":0,"11":0,"12":0,"13":0,"14":0,"16":0,"17":0,"18":0,"19":0,"21":0,"22":0,"23":0,"24":0,"26":0,"27":0,"28":0,"29":0,"30":0,"31":0,"32":0,"33":0,"34":0,"35":0,"36":0,"37":0,"38":0,"40":0,"41":0,"42":0,"43":0,"45":0,"46":0,"47":0,"48":0,"49":0,"50":0,"51":0,"52":0,"54":0,"55":0,"56":0,"57":0,"59":0,"60":0,"61":0,"62":0,"63":0,"64":0,"65":0,"66":0,"68":0,"69":0,"70":0,"71":0,"73":0,"74":0,"75":0,"76":0,"78":0,"79":0,"80":0,"81":0,"82":0,"83":0,"84":0,"85":0,"89":0,"98":0,"107":0,"108":0,"109":0,"110":0,"112":0,"113":0,"114":0,"116":0,"117":0,"120":0,"121":0,"122":0,"123":0,"124":0,"125":0,"126":0,"127":0,"128":0,"129":0,"132":0,"133":0,"134":0,"135":0,"136":0,"137":0,"138":0,"139":0,"140":0,"141":0,"142":0,"143":0,"144":0,"145":0,"146":0,"147":0,"148":0,"149":0,"150":0,"151":0,"152":0,"154":0,"155":0,"157":0,"158":0,"159":0,"160":0,"161":0,"162":0,"163":0,"164":0,"165":0,"167":0,"168":0,"169":0,"170":0,"171":0,"172":0,"173":0,"174":0,"175":0,"176":0,"177":0,"179":0,"180":0,"181":0,"182":0,"183":0,"184":0,"185":0,"186":0,"187":0,"188":0,"189":0,"191":0,"192":0,"193":0,"194":0,"195":0,"196":0,"197":0,"198":0,"199":0,"200":0,"201":0,"203":0,"204":0,"205":0,"206":0,"207":0,"208":0,"209":0,"210":0,"211":0,"213":0,"214":0,"215":0,"216":0,"217":0,"218":0,"219":0,"220":0,"221":0,"223":0,"224":0,"225":0,"226":0,"227":0,"228":0,"229":0,"230":0,"231":0},"branchMap":{"0":{"type":"branch","line":1,"loc":{"start":{"line":1,"column":6309},"end":{"line":233,"column":9}},"locations":[{"start":{"line":1,"column":6309},"end":{"line":233,"column":9}}]}},"b":{"0":[1]},"fnMap":{"0":{"name":"(empty-report)","decl":{"start":{"line":1,"column":6309},"end":{"line":233,"column":9}},"loc":{"start":{"line":1,"column":6309},"end":{"line":233,"column":9}},"line":1}},"f":{"0":1}}
,"/home/adeel/development/vuejs/Habit-Flow/src/components/achievements/AchievementsDisplay.vue": {"path":"/home/adeel/development/vuejs/Habit-Flow/src/components/achievements/AchievementsDisplay.vue","all":true,"statementMap":{"1":{"start":{"line":2,"column":0},"end":{"line":2,"column":36}},"2":{"start":{"line":3,"column":0},"end":{"line":3,"column":30}},"3":{"start":{"line":4,"column":0},"end":{"line":4,"column":76}},"4":{"start":{"line":5,"column":0},"end":{"line":5,"column":58}},"5":{"start":{"line":6,"column":0},"end":{"line":6,"column":77}},"6":{"start":{"line":7,"column":0},"end":{"line":7,"column":15}},"7":{"start":{"line":8,"column":0},"end":{"line":8,"column":38}},"8":{"start":{"line":9,"column":0},"end":{"line":9,"column":29}},"9":{"start":{"line":10,"column":0},"end":{"line":10,"column":131}},"11":{"start":{"line":12,"column":0},"end":{"line":12,"column":14}},"12":{"start":{"line":13,"column":0},"end":{"line":13,"column":26}},"13":{"start":{"line":14,"column":0},"end":{"line":14,"column":45}},"14":{"start":{"line":15,"column":0},"end":{"line":15,"column":23}},"15":{"start":{"line":16,"column":0},"end":{"line":16,"column":31}},"17":{"start":{"line":18,"column":0},"end":{"line":18,"column":19}},"18":{"start":{"line":19,"column":0},"end":{"line":19,"column":32}},"19":{"start":{"line":20,"column":0},"end":{"line":20,"column":21}},"20":{"start":{"line":21,"column":0},"end":{"line":21,"column":21}},"21":{"start":{"line":22,"column":0},"end":{"line":22,"column":20}},"22":{"start":{"line":23,"column":0},"end":{"line":23,"column":35}},"23":{"start":{"line":24,"column":0},"end":{"line":24,"column":30}},"24":{"start":{"line":25,"column":0},"end":{"line":25,"column":22}},"25":{"start":{"line":26,"column":0},"end":{"line":26,"column":17}},"26":{"start":{"line":27,"column":0},"end":{"line":27,"column":32}},"27":{"start":{"line":28,"column":0},"end":{"line":28,"column":33}},"28":{"start":{"line":29,"column":0},"end":{"line":29,"column":129}},"29":{"start":{"line":30,"column":0},"end":{"line":30,"column":20}},"30":{"start":{"line":31,"column":0},"end":{"line":31,"column":16}},"31":{"start":{"line":32,"column":0},"end":{"line":32,"column":53}},"32":{"start":{"line":33,"column":0},"end":{"line":33,"column":17}},"33":{"start":{"line":34,"column":0},"end":{"line":34,"column":12}},"35":{"start":{"line":36,"column":0},"end":{"line":36,"column":26}},"36":{"start":{"line":37,"column":0},"end":{"line":37,"column":57}},"37":{"start":{"line":38,"column":0},"end":{"line":38,"column":72}},"38":{"start":{"line":39,"column":0},"end":{"line":39,"column":41}},"39":{"start":{"line":40,"column":0},"end":{"line":40,"column":45}},"40":{"start":{"line":41,"column":0},"end":{"line":41,"column":75}},"41":{"start":{"line":42,"column":0},"end":{"line":42,"column":21}},"42":{"start":{"line":43,"column":0},"end":{"line":43,"column":37}},"43":{"start":{"line":44,"column":0},"end":{"line":44,"column":565}},"44":{"start":{"line":45,"column":0},"end":{"line":45,"column":37}},"45":{"start":{"line":46,"column":0},"end":{"line":46,"column":24}},"46":{"start":{"line":47,"column":0},"end":{"line":47,"column":20}},"47":{"start":{"line":48,"column":0},"end":{"line":48,"column":18}},"48":{"start":{"line":49,"column":0},"end":{"line":49,"column":17}},"49":{"start":{"line":50,"column":0},"end":{"line":50,"column":65}},"50":{"start":{"line":51,"column":0},"end":{"line":51,"column":80}},"51":{"start":{"line":52,"column":0},"end":{"line":52,"column":18}},"52":{"start":{"line":53,"column":0},"end":{"line":53,"column":16}},"53":{"start":{"line":54,"column":0},"end":{"line":54,"column":14}},"55":{"start":{"line":56,"column":0},"end":{"line":56,"column":70}},"56":{"start":{"line":57,"column":0},"end":{"line":57,"column":41}},"57":{"start":{"line":58,"column":0},"end":{"line":58,"column":44}},"58":{"start":{"line":59,"column":0},"end":{"line":59,"column":75}},"59":{"start":{"line":60,"column":0},"end":{"line":60,"column":21}},"60":{"start":{"line":61,"column":0},"end":{"line":61,"column":37}},"61":{"start":{"line":62,"column":0},"end":{"line":62,"column":210}},"62":{"start":{"line":63,"column":0},"end":{"line":63,"column":37}},"63":{"start":{"line":64,"column":0},"end":{"line":64,"column":24}},"64":{"start":{"line":65,"column":0},"end":{"line":65,"column":20}},"65":{"start":{"line":66,"column":0},"end":{"line":66,"column":18}},"66":{"start":{"line":67,"column":0},"end":{"line":67,"column":17}},"67":{"start":{"line":68,"column":0},"end":{"line":68,"column":63}},"68":{"start":{"line":69,"column":0},"end":{"line":69,"column":79}},"69":{"start":{"line":70,"column":0},"end":{"line":70,"column":18}},"70":{"start":{"line":71,"column":0},"end":{"line":71,"column":16}},"71":{"start":{"line":72,"column":0},"end":{"line":72,"column":14}},"73":{"start":{"line":74,"column":0},"end":{"line":74,"column":75}},"74":{"start":{"line":75,"column":0},"end":{"line":75,"column":41}},"75":{"start":{"line":76,"column":0},"end":{"line":76,"column":43}},"76":{"start":{"line":77,"column":0},"end":{"line":77,"column":75}},"77":{"start":{"line":78,"column":0},"end":{"line":78,"column":79}},"78":{"start":{"line":79,"column":0},"end":{"line":79,"column":20}},"79":{"start":{"line":80,"column":0},"end":{"line":80,"column":18}},"80":{"start":{"line":81,"column":0},"end":{"line":81,"column":17}},"81":{"start":{"line":82,"column":0},"end":{"line":82,"column":58}},"82":{"start":{"line":83,"column":0},"end":{"line":83,"column":57}},"83":{"start":{"line":84,"column":0},"end":{"line":84,"column":43}},"84":{"start":{"line":85,"column":0},"end":{"line":85,"column":18}},"85":{"start":{"line":86,"column":0},"end":{"line":86,"column":18}},"86":{"start":{"line":87,"column":0},"end":{"line":87,"column":16}},"87":{"start":{"line":88,"column":0},"end":{"line":88,"column":14}},"88":{"start":{"line":89,"column":0},"end":{"line":89,"column":12}},"89":{"start":{"line":90,"column":0},"end":{"line":90,"column":10}},"91":{"start":{"line":92,"column":0},"end":{"line":92,"column":24}},"92":{"start":{"line":93,"column":0},"end":{"line":93,"column":22}},"93":{"start":{"line":94,"column":0},"end":{"line":94,"column":52}},"94":{"start":{"line":95,"column":0},"end":{"line":95,"column":15}},"95":{"start":{"line":96,"column":0},"end":{"line":96,"column":29}},"96":{"start":{"line":97,"column":0},"end":{"line":97,"column":23}},"97":{"start":{"line":98,"column":0},"end":{"line":98,"column":37}},"98":{"start":{"line":99,"column":0},"end":{"line":99,"column":19}},"105":{"start":{"line":106,"column":0},"end":{"line":106,"column":24}},"106":{"start":{"line":107,"column":0},"end":{"line":107,"column":15}},"107":{"start":{"line":108,"column":0},"end":{"line":108,"column":21}},"114":{"start":{"line":115,"column":0},"end":{"line":115,"column":27}},"115":{"start":{"line":116,"column":0},"end":{"line":116,"column":17}},"116":{"start":{"line":117,"column":0},"end":{"line":117,"column":17}},"117":{"start":{"line":118,"column":0},"end":{"line":118,"column":12}},"118":{"start":{"line":119,"column":0},"end":{"line":119,"column":10}},"120":{"start":{"line":121,"column":0},"end":{"line":121,"column":30}},"121":{"start":{"line":122,"column":0},"end":{"line":122,"column":27}},"122":{"start":{"line":123,"column":0},"end":{"line":123,"column":60}},"123":{"start":{"line":124,"column":0},"end":{"line":124,"column":10}},"124":{"start":{"line":125,"column":0},"end":{"line":125,"column":67}},"125":{"start":{"line":126,"column":0},"end":{"line":126,"column":20}},"127":{"start":{"line":128,"column":0},"end":{"line":128,"column":79}},"128":{"start":{"line":129,"column":0},"end":{"line":129,"column":14}},"129":{"start":{"line":130,"column":0},"end":{"line":130,"column":48}},"130":{"start":{"line":131,"column":0},"end":{"line":131,"column":31}},"131":{"start":{"line":132,"column":0},"end":{"line":132,"column":31}},"133":{"start":{"line":134,"column":0},"end":{"line":134,"column":17}},"134":{"start":{"line":135,"column":0},"end":{"line":135,"column":362}},"135":{"start":{"line":136,"column":0},"end":{"line":136,"column":20}},"136":{"start":{"line":137,"column":0},"end":{"line":137,"column":16}},"138":{"start":{"line":139,"column":0},"end":{"line":139,"column":13}},"139":{"start":{"line":140,"column":0},"end":{"line":140,"column":12}},"140":{"start":{"line":141,"column":0},"end":{"line":141,"column":100}},"142":{"start":{"line":143,"column":0},"end":{"line":143,"column":27}},"143":{"start":{"line":144,"column":0},"end":{"line":144,"column":65}},"144":{"start":{"line":145,"column":0},"end":{"line":145,"column":45}},"145":{"start":{"line":146,"column":0},"end":{"line":146,"column":51}},"146":{"start":{"line":147,"column":0},"end":{"line":147,"column":24}},"147":{"start":{"line":148,"column":0},"end":{"line":148,"column":42}},"148":{"start":{"line":149,"column":0},"end":{"line":149,"column":12}},"149":{"start":{"line":150,"column":0},"end":{"line":150,"column":14}},"150":{"start":{"line":151,"column":0},"end":{"line":151,"column":12}},"152":{"start":{"line":153,"column":0},"end":{"line":153,"column":37}},"153":{"start":{"line":154,"column":0},"end":{"line":154,"column":10}},"154":{"start":{"line":155,"column":0},"end":{"line":155,"column":77}},"155":{"start":{"line":156,"column":0},"end":{"line":156,"column":27}},"157":{"start":{"line":158,"column":0},"end":{"line":158,"column":11}},"158":{"start":{"line":159,"column":0},"end":{"line":159,"column":87}},"160":{"start":{"line":161,"column":0},"end":{"line":161,"column":71}},"161":{"start":{"line":162,"column":0},"end":{"line":162,"column":52}},"162":{"start":{"line":163,"column":0},"end":{"line":163,"column":51}},"163":{"start":{"line":164,"column":0},"end":{"line":164,"column":74}},"164":{"start":{"line":165,"column":0},"end":{"line":165,"column":41}},"165":{"start":{"line":166,"column":0},"end":{"line":166,"column":15}},"166":{"start":{"line":167,"column":0},"end":{"line":167,"column":17}},"167":{"start":{"line":168,"column":0},"end":{"line":168,"column":13}},"169":{"start":{"line":170,"column":0},"end":{"line":170,"column":12}},"170":{"start":{"line":171,"column":0},"end":{"line":171,"column":100}},"172":{"start":{"line":173,"column":0},"end":{"line":173,"column":27}},"173":{"start":{"line":174,"column":0},"end":{"line":174,"column":55}},"174":{"start":{"line":175,"column":0},"end":{"line":175,"column":33}},"175":{"start":{"line":176,"column":0},"end":{"line":176,"column":38}},"176":{"start":{"line":177,"column":0},"end":{"line":177,"column":42}},"177":{"start":{"line":178,"column":0},"end":{"line":178,"column":12}},"178":{"start":{"line":179,"column":0},"end":{"line":179,"column":14}},"179":{"start":{"line":180,"column":0},"end":{"line":180,"column":12}},"180":{"start":{"line":181,"column":0},"end":{"line":181,"column":10}},"182":{"start":{"line":183,"column":0},"end":{"line":183,"column":24}},"183":{"start":{"line":184,"column":0},"end":{"line":184,"column":76}},"184":{"start":{"line":185,"column":0},"end":{"line":185,"column":10}},"185":{"start":{"line":186,"column":0},"end":{"line":186,"column":47}},"186":{"start":{"line":187,"column":0},"end":{"line":187,"column":19}},"187":{"start":{"line":188,"column":0},"end":{"line":188,"column":27}},"188":{"start":{"line":189,"column":0},"end":{"line":189,"column":29}},"190":{"start":{"line":191,"column":0},"end":{"line":191,"column":13}},"191":{"start":{"line":192,"column":0},"end":{"line":192,"column":32}},"192":{"start":{"line":193,"column":0},"end":{"line":193,"column":33}},"193":{"start":{"line":194,"column":0},"end":{"line":194,"column":26}},"194":{"start":{"line":195,"column":0},"end":{"line":195,"column":222}},"195":{"start":{"line":196,"column":0},"end":{"line":196,"column":10}},"196":{"start":{"line":197,"column":0},"end":{"line":197,"column":12}},"197":{"start":{"line":198,"column":0},"end":{"line":198,"column":57}},"199":{"start":{"line":200,"column":0},"end":{"line":200,"column":11}},"200":{"start":{"line":201,"column":0},"end":{"line":201,"column":44}},"202":{"start":{"line":203,"column":0},"end":{"line":203,"column":32}},"206":{"start":{"line":207,"column":0},"end":{"line":207,"column":10}},"207":{"start":{"line":208,"column":0},"end":{"line":208,"column":10}},"209":{"start":{"line":210,"column":0},"end":{"line":210,"column":24}},"210":{"start":{"line":211,"column":0},"end":{"line":211,"column":77}},"211":{"start":{"line":212,"column":0},"end":{"line":212,"column":24}},"212":{"start":{"line":213,"column":0},"end":{"line":213,"column":35}},"213":{"start":{"line":214,"column":0},"end":{"line":214,"column":14}},"214":{"start":{"line":215,"column":0},"end":{"line":215,"column":40}},"215":{"start":{"line":216,"column":0},"end":{"line":216,"column":31}},"216":{"start":{"line":217,"column":0},"end":{"line":217,"column":31}},"218":{"start":{"line":219,"column":0},"end":{"line":219,"column":17}},"219":{"start":{"line":220,"column":0},"end":{"line":220,"column":33}},"220":{"start":{"line":221,"column":0},"end":{"line":221,"column":233}},"221":{"start":{"line":222,"column":0},"end":{"line":222,"column":33}},"222":{"start":{"line":223,"column":0},"end":{"line":223,"column":14}},"223":{"start":{"line":224,"column":0},"end":{"line":224,"column":16}},"224":{"start":{"line":225,"column":0},"end":{"line":225,"column":14}},"225":{"start":{"line":226,"column":0},"end":{"line":226,"column":26}},"226":{"start":{"line":227,"column":0},"end":{"line":227,"column":55}},"228":{"start":{"line":229,"column":0},"end":{"line":229,"column":15}},"229":{"start":{"line":230,"column":0},"end":{"line":230,"column":49}},"230":{"start":{"line":231,"column":0},"end":{"line":231,"column":30}},"231":{"start":{"line":232,"column":0},"end":{"line":232,"column":16}},"232":{"start":{"line":233,"column":0},"end":{"line":233,"column":28}},"233":{"start":{"line":234,"column":0},"end":{"line":234,"column":19}},"234":{"start":{"line":235,"column":0},"end":{"line":235,"column":42}},"235":{"start":{"line":236,"column":0},"end":{"line":236,"column":105}},"236":{"start":{"line":237,"column":0},"end":{"line":237,"column":13}},"238":{"start":{"line":239,"column":0},"end":{"line":239,"column":21}},"239":{"start":{"line":240,"column":0},"end":{"line":240,"column":16}},"240":{"start":{"line":241,"column":0},"end":{"line":241,"column":14}},"241":{"start":{"line":242,"column":0},"end":{"line":242,"column":12}},"242":{"start":{"line":243,"column":0},"end":{"line":243,"column":10}},"243":{"start":{"line":244,"column":0},"end":{"line":244,"column":8}},"247":{"start":{"line":248,"column":0},"end":{"line":248,"column":47}},"248":{"start":{"line":249,"column":0},"end":{"line":249,"column":64}},"249":{"start":{"line":250,"column":0},"end":{"line":250,"column":54}},"252":{"start":{"line":253,"column":0},"end":{"line":253,"column":49}},"254":{"start":{"line":255,"column":0},"end":{"line":255,"column":37}},"256":{"start":{"line":257,"column":0},"end":{"line":257,"column":29}},"257":{"start":{"line":258,"column":0},"end":{"line":258,"column":3}},"258":{"start":{"line":259,"column":0},"end":{"line":259,"column":14}},"259":{"start":{"line":260,"column":0},"end":{"line":260,"column":16}},"260":{"start":{"line":261,"column":0},"end":{"line":261,"column":61}},"261":{"start":{"line":262,"column":0},"end":{"line":262,"column":4}},"262":{"start":{"line":263,"column":0},"end":{"line":263,"column":3}},"263":{"start":{"line":264,"column":0},"end":{"line":264,"column":17}},"264":{"start":{"line":265,"column":0},"end":{"line":265,"column":19}},"265":{"start":{"line":266,"column":0},"end":{"line":266,"column":55}},"266":{"start":{"line":267,"column":0},"end":{"line":267,"column":4}},"267":{"start":{"line":268,"column":0},"end":{"line":268,"column":3}},"268":{"start":{"line":269,"column":0},"end":{"line":269,"column":17}},"269":{"start":{"line":270,"column":0},"end":{"line":270,"column":20}},"270":{"start":{"line":271,"column":0},"end":{"line":271,"column":68}},"271":{"start":{"line":272,"column":0},"end":{"line":272,"column":4}},"272":{"start":{"line":273,"column":0},"end":{"line":273,"column":3}},"273":{"start":{"line":274,"column":0},"end":{"line":274,"column":20}},"274":{"start":{"line":275,"column":0},"end":{"line":275,"column":23}},"275":{"start":{"line":276,"column":0},"end":{"line":276,"column":71}},"276":{"start":{"line":277,"column":0},"end":{"line":277,"column":4}},"277":{"start":{"line":278,"column":0},"end":{"line":278,"column":3}},"279":{"start":{"line":280,"column":0},"end":{"line":280,"column":45}},"280":{"start":{"line":281,"column":0},"end":{"line":281,"column":28}},"281":{"start":{"line":282,"column":0},"end":{"line":282,"column":18}},"282":{"start":{"line":283,"column":0},"end":{"line":283,"column":63}},"283":{"start":{"line":284,"column":0},"end":{"line":284,"column":24}},"284":{"start":{"line":285,"column":0},"end":{"line":285,"column":8}},"285":{"start":{"line":286,"column":0},"end":{"line":286,"column":18}},"286":{"start":{"line":287,"column":0},"end":{"line":287,"column":63}},"287":{"start":{"line":288,"column":0},"end":{"line":288,"column":21}},"288":{"start":{"line":289,"column":0},"end":{"line":289,"column":66}},"289":{"start":{"line":290,"column":0},"end":{"line":290,"column":12}},"290":{"start":{"line":291,"column":0},"end":{"line":291,"column":56}},"291":{"start":{"line":292,"column":0},"end":{"line":292,"column":3}},"292":{"start":{"line":293,"column":0},"end":{"line":293,"column":3}},"294":{"start":{"line":295,"column":0},"end":{"line":295,"column":46}},"295":{"start":{"line":296,"column":0},"end":{"line":296,"column":34}},"296":{"start":{"line":297,"column":0},"end":{"line":297,"column":48}},"297":{"start":{"line":298,"column":0},"end":{"line":298,"column":10}},"298":{"start":{"line":299,"column":0},"end":{"line":299,"column":66}},"299":{"start":{"line":300,"column":0},"end":{"line":300,"column":55}},"300":{"start":{"line":301,"column":0},"end":{"line":301,"column":39}},"301":{"start":{"line":302,"column":0},"end":{"line":302,"column":39}},"302":{"start":{"line":303,"column":0},"end":{"line":303,"column":7}},"303":{"start":{"line":304,"column":0},"end":{"line":304,"column":50}},"304":{"start":{"line":305,"column":0},"end":{"line":305,"column":7}},"305":{"start":{"line":306,"column":0},"end":{"line":306,"column":19}},"306":{"start":{"line":307,"column":0},"end":{"line":307,"column":3}},"307":{"start":{"line":308,"column":0},"end":{"line":308,"column":3}},"309":{"start":{"line":310,"column":0},"end":{"line":310,"column":80}},"310":{"start":{"line":311,"column":0},"end":{"line":311,"column":66}},"311":{"start":{"line":312,"column":0},"end":{"line":312,"column":45}},"312":{"start":{"line":313,"column":0},"end":{"line":313,"column":54}},"313":{"start":{"line":314,"column":0},"end":{"line":314,"column":61}},"314":{"start":{"line":315,"column":0},"end":{"line":315,"column":60}},"315":{"start":{"line":316,"column":0},"end":{"line":316,"column":3}},"317":{"start":{"line":318,"column":0},"end":{"line":318,"column":80}},"318":{"start":{"line":319,"column":0},"end":{"line":319,"column":58}},"319":{"start":{"line":320,"column":0},"end":{"line":320,"column":54}},"321":{"start":{"line":322,"column":0},"end":{"line":322,"column":47}},"322":{"start":{"line":323,"column":0},"end":{"line":323,"column":41}},"323":{"start":{"line":324,"column":0},"end":{"line":324,"column":17}},"324":{"start":{"line":325,"column":0},"end":{"line":325,"column":20}},"325":{"start":{"line":326,"column":0},"end":{"line":326,"column":20}},"326":{"start":{"line":327,"column":0},"end":{"line":327,"column":21}},"327":{"start":{"line":328,"column":0},"end":{"line":328,"column":4}},"328":{"start":{"line":329,"column":0},"end":{"line":329,"column":33}},"329":{"start":{"line":330,"column":0},"end":{"line":330,"column":2}},"331":{"start":{"line":332,"column":0},"end":{"line":332,"column":54}},"332":{"start":{"line":333,"column":0},"end":{"line":333,"column":41}},"333":{"start":{"line":334,"column":0},"end":{"line":334,"column":34}},"334":{"start":{"line":335,"column":0},"end":{"line":335,"column":40}},"335":{"start":{"line":336,"column":0},"end":{"line":336,"column":42}},"336":{"start":{"line":337,"column":0},"end":{"line":337,"column":44}},"337":{"start":{"line":338,"column":0},"end":{"line":338,"column":4}},"338":{"start":{"line":339,"column":0},"end":{"line":339,"column":37}},"339":{"start":{"line":340,"column":0},"end":{"line":340,"column":2}},"341":{"start":{"line":342,"column":0},"end":{"line":342,"column":73}},"343":{"start":{"line":344,"column":0},"end":{"line":344,"column":55}},"344":{"start":{"line":345,"column":0},"end":{"line":345,"column":2}},"346":{"start":{"line":347,"column":0},"end":{"line":347,"column":41}},"347":{"start":{"line":348,"column":0},"end":{"line":348,"column":52}},"348":{"start":{"line":349,"column":0},"end":{"line":349,"column":2}},"350":{"start":{"line":351,"column":0},"end":{"line":351,"column":23}},"351":{"start":{"line":352,"column":0},"end":{"line":352,"column":51}},"352":{"start":{"line":353,"column":0},"end":{"line":353,"column":3}}},"s":{"1":0,"2":0,"3":0,"4":0,"5":0,"6":0,"7":0,"8":0,"9":0,"11":0,"12":0,"13":0,"14":0,"15":0,"17":0,"18":0,"19":0,"20":0,"21":0,"22":0,"23":0,"24":0,"25":0,"26":0,"27":0,"28":0,"29":0,"30":0,"31":0,"32":0,"33":0,"35":0,"36":0,"37":0,"38":0,"39":0,"40":0,"41":0,"42":0,"43":0,"44":0,"45":0,"46":0,"47":0,"48":0,"49":0,"50":0,"51":0,"52":0,"53":0,"55":0,"56":0,"57":0,"58":0,"59":0,"60":0,"61":0,"62":0,"63":0,"64":0,"65":0,"66":0,"67":0,"68":0,"69":0,"70":0,"71":0,"73":0,"74":0,"75":0,"76":0,"77":0,"78":0,"79":0,"80":0,"81":0,"82":0,"83":0,"84":0,"85":0,"86":0,"87":0,"88":0,"89":0,"91":0,"92":0,"93":0,"94":0,"95":0,"96":0,"97":0,"98":0,"105":0,"106":0,"107":0,"114":0,"115":0,"116":0,"117":0,"118":0,"120":0,"121":0,"122":0,"123":0,"124":0,"125":0,"127":0,"128":0,"129":0,"130":0,"131":0,"133":0,"134":0,"135":0,"136":0,"138":0,"139":0,"140":0,"142":0,"143":0,"144":0,"145":0,"146":0,"147":0,"148":0,"149":0,"150":0,"152":0,"153":0,"154":0,"155":0,"157":0,"158":0,"160":0,"161":0,"162":0,"163":0,"164":0,"165":0,"166":0,"167":0,"169":0,"170":0,"172":0,"173":0,"174":0,"175":0,"176":0,"177":0,"178":0,"179":0,"180":0,"182":0,"183":0,"184":0,"185":0,"186":0,"187":0,"188":0,"190":0,"191":0,"192":0,"193":0,"194":0,"195":0,"196":0,"197":0,"199":0,"200":0,"202":0,"206":0,"207":0,"209":0,"210":0,"211":0,"212":0,"213":0,"214":0,"215":0,"216":0,"218":0,"219":0,"220":0,"221":0,"222":0,"223":0,"224":0,"225":0,"226":0,"228":0,"229":0,"230":0,"231":0,"232":0,"233":0,"234":0,"235":0,"236":0,"238":0,"239":0,"240":0,"241":0,"242":0,"243":0,"247":0,"248":0,"249":0,"252":0,"254":0,"256":0,"257":0,"258":0,"259":0,"260":0,"261":0,"262":0,"263":0,"264":0,"265":0,"266":0,"267":0,"268":0,"269":0,"270":0,"271":0,"272":0,"273":0,"274":0,"275":0,"276":0,"277":0,"279":0,"280":0,"281":0,"282":0,"283":0,"284":0,"285":0,"286":0,"287":0,"288":0,"289":0,"290":0,"291":0,"292":0,"294":0,"295":0,"296":0,"297":0,"298":0,"299":0,"300":0,"301":0,"302":0,"303":0,"304":0,"305":0,"306":0,"307":0,"309":0,"310":0,"311":0,"312":0,"313":0,"314":0,"315":0,"317":0,"318":0,"319":0,"321":0,"322":0,"323":0,"324":0,"325":0,"326":0,"327":0,"328":0,"329":0,"331":0,"332":0,"333":0,"334":0,"335":0,"336":0,"337":0,"338":0,"339":0,"341":0,"343":0,"344":0,"346":0,"347":0,"348":0,"350":0,"351":0,"352":0},"branchMap":{"0":{"type":"branch","line":1,"loc":{"start":{"line":1,"column":12529},"end":{"line":354,"column":9}},"locations":[{"start":{"line":1,"column":12529},"end":{"line":354,"column":9}}]}},"b":{"0":[1]},"fnMap":{"0":{"name":"(empty-report)","decl":{"start":{"line":1,"column":12529},"end":{"line":354,"column":9}},"loc":{"start":{"line":1,"column":12529},"end":{"line":354,"column":9}},"line":1}},"f":{"0":1}}
,"/home/adeel/development/vuejs/Habit-Flow/src/components/achievements/BadgeWidget.vue": {"path":"/home/adeel/development/vuejs/Habit-Flow/src/components/achievements/BadgeWidget.vue","all":true,"statementMap":{"1":{"start":{"line":2,"column":0},"end":{"line":2,"column":6}},"2":{"start":{"line":3,"column":0},"end":{"line":3,"column":106}},"4":{"start":{"line":5,"column":0},"end":{"line":5,"column":56}},"5":{"start":{"line":6,"column":0},"end":{"line":6,"column":9}},"6":{"start":{"line":7,"column":0},"end":{"line":7,"column":85}},"8":{"start":{"line":9,"column":0},"end":{"line":9,"column":12}},"9":{"start":{"line":10,"column":0},"end":{"line":10,"column":67}},"10":{"start":{"line":11,"column":0},"end":{"line":11,"column":29}},"11":{"start":{"line":12,"column":0},"end":{"line":12,"column":29}},"13":{"start":{"line":14,"column":0},"end":{"line":14,"column":15}},"14":{"start":{"line":15,"column":0},"end":{"line":15,"column":360}},"15":{"start":{"line":16,"column":0},"end":{"line":16,"column":18}},"16":{"start":{"line":17,"column":0},"end":{"line":17,"column":14}},"18":{"start":{"line":19,"column":0},"end":{"line":19,"column":11}},"19":{"start":{"line":20,"column":0},"end":{"line":20,"column":18}},"20":{"start":{"line":21,"column":0},"end":{"line":21,"column":26}},"21":{"start":{"line":22,"column":0},"end":{"line":22,"column":113}},"22":{"start":{"line":23,"column":0},"end":{"line":23,"column":7}},"24":{"start":{"line":25,"column":0},"end":{"line":25,"column":20}},"25":{"start":{"line":26,"column":0},"end":{"line":26,"column":10}},"27":{"start":{"line":28,"column":0},"end":{"line":28,"column":26}},"28":{"start":{"line":29,"column":0},"end":{"line":29,"column":45}},"29":{"start":{"line":30,"column":0},"end":{"line":30,"column":31}},"30":{"start":{"line":31,"column":0},"end":{"line":31,"column":75}},"31":{"start":{"line":32,"column":0},"end":{"line":32,"column":27}},"32":{"start":{"line":33,"column":0},"end":{"line":33,"column":14}},"33":{"start":{"line":34,"column":0},"end":{"line":34,"column":62}},"35":{"start":{"line":36,"column":0},"end":{"line":36,"column":14}},"36":{"start":{"line":37,"column":0},"end":{"line":37,"column":12}},"37":{"start":{"line":38,"column":0},"end":{"line":38,"column":31}},"38":{"start":{"line":39,"column":0},"end":{"line":39,"column":73}},"39":{"start":{"line":40,"column":0},"end":{"line":40,"column":27}},"40":{"start":{"line":41,"column":0},"end":{"line":41,"column":14}},"41":{"start":{"line":42,"column":0},"end":{"line":42,"column":80}},"42":{"start":{"line":43,"column":0},"end":{"line":43,"column":12}},"43":{"start":{"line":44,"column":0},"end":{"line":44,"column":10}},"45":{"start":{"line":46,"column":0},"end":{"line":46,"column":32}},"46":{"start":{"line":47,"column":0},"end":{"line":47,"column":46}},"47":{"start":{"line":48,"column":0},"end":{"line":48,"column":76}},"49":{"start":{"line":50,"column":0},"end":{"line":50,"column":11}},"50":{"start":{"line":51,"column":0},"end":{"line":51,"column":29}},"51":{"start":{"line":52,"column":0},"end":{"line":52,"column":12}},"52":{"start":{"line":53,"column":0},"end":{"line":53,"column":72}},"53":{"start":{"line":54,"column":0},"end":{"line":54,"column":43}},"54":{"start":{"line":55,"column":0},"end":{"line":55,"column":129}},"56":{"start":{"line":57,"column":0},"end":{"line":57,"column":77}},"57":{"start":{"line":58,"column":0},"end":{"line":58,"column":38}},"58":{"start":{"line":59,"column":0},"end":{"line":59,"column":16}},"59":{"start":{"line":60,"column":0},"end":{"line":60,"column":85}},"61":{"start":{"line":62,"column":0},"end":{"line":62,"column":49}},"62":{"start":{"line":63,"column":0},"end":{"line":63,"column":18}},"63":{"start":{"line":64,"column":0},"end":{"line":64,"column":68}},"64":{"start":{"line":65,"column":0},"end":{"line":65,"column":55}},"65":{"start":{"line":66,"column":0},"end":{"line":66,"column":55}},"66":{"start":{"line":67,"column":0},"end":{"line":67,"column":18}},"67":{"start":{"line":68,"column":0},"end":{"line":68,"column":16}},"68":{"start":{"line":69,"column":0},"end":{"line":69,"column":14}},"69":{"start":{"line":70,"column":0},"end":{"line":70,"column":12}},"70":{"start":{"line":71,"column":0},"end":{"line":71,"column":10}},"72":{"start":{"line":73,"column":0},"end":{"line":73,"column":46}},"73":{"start":{"line":74,"column":0},"end":{"line":74,"column":50}},"74":{"start":{"line":75,"column":0},"end":{"line":75,"column":76}},"76":{"start":{"line":77,"column":0},"end":{"line":77,"column":11}},"77":{"start":{"line":78,"column":0},"end":{"line":78,"column":10}},"78":{"start":{"line":79,"column":0},"end":{"line":79,"column":105}},"80":{"start":{"line":81,"column":0},"end":{"line":81,"column":44}},"81":{"start":{"line":82,"column":0},"end":{"line":82,"column":79}},"82":{"start":{"line":83,"column":0},"end":{"line":83,"column":30}},"83":{"start":{"line":84,"column":0},"end":{"line":84,"column":78}},"84":{"start":{"line":85,"column":0},"end":{"line":85,"column":40}},"85":{"start":{"line":86,"column":0},"end":{"line":86,"column":18}},"86":{"start":{"line":87,"column":0},"end":{"line":87,"column":66}},"87":{"start":{"line":88,"column":0},"end":{"line":88,"column":47}},"88":{"start":{"line":89,"column":0},"end":{"line":89,"column":18}},"89":{"start":{"line":90,"column":0},"end":{"line":90,"column":16}},"90":{"start":{"line":91,"column":0},"end":{"line":91,"column":14}},"92":{"start":{"line":93,"column":0},"end":{"line":93,"column":29}},"93":{"start":{"line":94,"column":0},"end":{"line":94,"column":26}},"94":{"start":{"line":95,"column":0},"end":{"line":95,"column":14}},"95":{"start":{"line":96,"column":0},"end":{"line":96,"column":86}},"97":{"start":{"line":98,"column":0},"end":{"line":98,"column":17}},"98":{"start":{"line":99,"column":0},"end":{"line":99,"column":61}},"99":{"start":{"line":100,"column":0},"end":{"line":100,"column":49}},"101":{"start":{"line":102,"column":0},"end":{"line":102,"column":13}},"102":{"start":{"line":103,"column":0},"end":{"line":103,"column":17}},"103":{"start":{"line":104,"column":0},"end":{"line":104,"column":80}},"104":{"start":{"line":105,"column":0},"end":{"line":105,"column":13}},"105":{"start":{"line":106,"column":0},"end":{"line":106,"column":16}},"106":{"start":{"line":107,"column":0},"end":{"line":107,"column":76}},"107":{"start":{"line":108,"column":0},"end":{"line":108,"column":16}},"108":{"start":{"line":109,"column":0},"end":{"line":109,"column":95}},"109":{"start":{"line":110,"column":0},"end":{"line":110,"column":23}},"112":{"start":{"line":113,"column":0},"end":{"line":113,"column":19}},"113":{"start":{"line":114,"column":0},"end":{"line":114,"column":16}},"114":{"start":{"line":115,"column":0},"end":{"line":115,"column":14}},"115":{"start":{"line":116,"column":0},"end":{"line":116,"column":12}},"116":{"start":{"line":117,"column":0},"end":{"line":117,"column":10}},"118":{"start":{"line":119,"column":0},"end":{"line":119,"column":24}},"119":{"start":{"line":120,"column":0},"end":{"line":120,"column":41}},"120":{"start":{"line":121,"column":0},"end":{"line":121,"column":41}},"121":{"start":{"line":122,"column":0},"end":{"line":122,"column":60}},"123":{"start":{"line":124,"column":0},"end":{"line":124,"column":12}},"124":{"start":{"line":125,"column":0},"end":{"line":125,"column":10}},"126":{"start":{"line":127,"column":0},"end":{"line":127,"column":26}},"127":{"start":{"line":128,"column":0},"end":{"line":128,"column":70}},"128":{"start":{"line":129,"column":0},"end":{"line":129,"column":10}},"129":{"start":{"line":130,"column":0},"end":{"line":130,"column":69}},"130":{"start":{"line":131,"column":0},"end":{"line":131,"column":19}},"131":{"start":{"line":132,"column":0},"end":{"line":132,"column":27}},"133":{"start":{"line":134,"column":0},"end":{"line":134,"column":15}},"134":{"start":{"line":135,"column":0},"end":{"line":135,"column":28}},"135":{"start":{"line":136,"column":0},"end":{"line":136,"column":17}},"136":{"start":{"line":137,"column":0},"end":{"line":137,"column":17}},"137":{"start":{"line":138,"column":0},"end":{"line":138,"column":16}},"138":{"start":{"line":139,"column":0},"end":{"line":139,"column":31}},"139":{"start":{"line":140,"column":0},"end":{"line":140,"column":26}},"140":{"start":{"line":141,"column":0},"end":{"line":141,"column":18}},"141":{"start":{"line":142,"column":0},"end":{"line":142,"column":13}},"142":{"start":{"line":143,"column":0},"end":{"line":143,"column":28}},"143":{"start":{"line":144,"column":0},"end":{"line":144,"column":29}},"144":{"start":{"line":145,"column":0},"end":{"line":145,"column":125}},"145":{"start":{"line":146,"column":0},"end":{"line":146,"column":16}},"146":{"start":{"line":147,"column":0},"end":{"line":147,"column":12}},"147":{"start":{"line":148,"column":0},"end":{"line":148,"column":10}},"148":{"start":{"line":149,"column":0},"end":{"line":149,"column":8}},"152":{"start":{"line":153,"column":0},"end":{"line":153,"column":42}},"153":{"start":{"line":154,"column":0},"end":{"line":154,"column":64}},"163":{"start":{"line":164,"column":0},"end":{"line":164,"column":49}},"165":{"start":{"line":166,"column":0},"end":{"line":166,"column":80}},"166":{"start":{"line":167,"column":0},"end":{"line":167,"column":66}},"167":{"start":{"line":168,"column":0},"end":{"line":168,"column":80}},"168":{"start":{"line":169,"column":0},"end":{"line":169,"column":58}},"171":{"start":{"line":172,"column":0},"end":{"line":172,"column":40}},"172":{"start":{"line":173,"column":0},"end":{"line":173,"column":61}},"173":{"start":{"line":174,"column":0},"end":{"line":174,"column":66}},"174":{"start":{"line":175,"column":0},"end":{"line":175,"column":10}},"175":{"start":{"line":176,"column":0},"end":{"line":176,"column":75}},"176":{"start":{"line":177,"column":0},"end":{"line":177,"column":6}},"178":{"start":{"line":179,"column":0},"end":{"line":179,"column":29}},"179":{"start":{"line":180,"column":0},"end":{"line":180,"column":3}},"181":{"start":{"line":182,"column":0},"end":{"line":182,"column":44}},"182":{"start":{"line":183,"column":0},"end":{"line":183,"column":36}},"183":{"start":{"line":184,"column":0},"end":{"line":184,"column":25}},"184":{"start":{"line":185,"column":0},"end":{"line":185,"column":60}},"185":{"start":{"line":186,"column":0},"end":{"line":186,"column":63}},"187":{"start":{"line":188,"column":0},"end":{"line":188,"column":23}},"188":{"start":{"line":189,"column":0},"end":{"line":189,"column":19}},"189":{"start":{"line":190,"column":0},"end":{"line":190,"column":30}},"190":{"start":{"line":191,"column":0},"end":{"line":191,"column":23}},"191":{"start":{"line":192,"column":0},"end":{"line":192,"column":29}},"192":{"start":{"line":193,"column":0},"end":{"line":193,"column":38}},"193":{"start":{"line":194,"column":0},"end":{"line":194,"column":10}},"194":{"start":{"line":195,"column":0},"end":{"line":195,"column":45}},"195":{"start":{"line":196,"column":0},"end":{"line":196,"column":21}},"196":{"start":{"line":197,"column":0},"end":{"line":197,"column":21}},"197":{"start":{"line":198,"column":0},"end":{"line":198,"column":77}},"198":{"start":{"line":199,"column":0},"end":{"line":199,"column":7}},"199":{"start":{"line":200,"column":0},"end":{"line":200,"column":3}},"200":{"start":{"line":201,"column":0},"end":{"line":201,"column":2}},"202":{"start":{"line":203,"column":0},"end":{"line":203,"column":23}},"204":{"start":{"line":205,"column":0},"end":{"line":205,"column":52}},"205":{"start":{"line":206,"column":0},"end":{"line":206,"column":53}},"206":{"start":{"line":207,"column":0},"end":{"line":207,"column":3}},"207":{"start":{"line":208,"column":0},"end":{"line":208,"column":3}}},"s":{"1":0,"2":0,"4":0,"5":0,"6":0,"8":0,"9":0,"10":0,"11":0,"13":0,"14":0,"15":0,"16":0,"18":0,"19":0,"20":0,"21":0,"22":0,"24":0,"25":0,"27":0,"28":0,"29":0,"30":0,"31":0,"32":0,"33":0,"35":0,"36":0,"37":0,"38":0,"39":0,"40":0,"41":0,"42":0,"43":0,"45":0,"46":0,"47":0,"49":0,"50":0,"51":0,"52":0,"53":0,"54":0,"56":0,"57":0,"58":0,"59":0,"61":0,"62":0,"63":0,"64":0,"65":0,"66":0,"67":0,"68":0,"69":0,"70":0,"72":0,"73":0,"74":0,"76":0,"77":0,"78":0,"80":0,"81":0,"82":0,"83":0,"84":0,"85":0,"86":0,"87":0,"88":0,"89":0,"90":0,"92":0,"93":0,"94":0,"95":0,"97":0,"98":0,"99":0,"101":0,"102":0,"103":0,"104":0,"105":0,"106":0,"107":0,"108":0,"109":0,"112":0,"113":0,"114":0,"115":0,"116":0,"118":0,"119":0,"120":0,"121":0,"123":0,"124":0,"126":0,"127":0,"128":0,"129":0,"130":0,"131":0,"133":0,"134":0,"135":0,"136":0,"137":0,"138":0,"139":0,"140":0,"141":0,"142":0,"143":0,"144":0,"145":0,"146":0,"147":0,"148":0,"152":0,"153":0,"163":0,"165":0,"166":0,"167":0,"168":0,"171":0,"172":0,"173":0,"174":0,"175":0,"176":0,"178":0,"179":0,"181":0,"182":0,"183":0,"184":0,"185":0,"187":0,"188":0,"189":0,"190":0,"191":0,"192":0,"193":0,"194":0,"195":0,"196":0,"197":0,"198":0,"199":0,"200":0,"202":0,"204":0,"205":0,"206":0,"207":0},"branchMap":{"0":{"type":"branch","line":1,"loc":{"start":{"line":1,"column":7088},"end":{"line":209,"column":9}},"locations":[{"start":{"line":1,"column":7088},"end":{"line":209,"column":9}}]}},"b":{"0":[1]},"fnMap":{"0":{"name":"(empty-report)","decl":{"start":{"line":1,"column":7088},"end":{"line":209,"column":9}},"loc":{"start":{"line":1,"column":7088},"end":{"line":209,"column":9}},"line":1}},"f":{"0":1}}
[...]
},"end":{"line":108,"column":18}},"108":{"start":{"line":109,"column":0},"end":{"line":109,"column":55}},"109":{"start":{"line":110,"column":0},"end":{"line":110,"column":50}},"110":{"start":{"line":111,"column":0},"end":{"line":111,"column":27}},"111":{"start":{"line":112,"column":0},"end":{"line":112,"column":35}},"113":{"start":{"line":114,"column":0},"end":{"line":114,"column":23}},"114":{"start":{"line":115,"column":0},"end":{"line":115,"column":36}},"115":{"start":{"line":116,"column":0},"end":{"line":116,"column":25}},"116":{"start":{"line":117,"column":0},"end":{"line":117,"column":25}},"117":{"start":{"line":118,"column":0},"end":{"line":118,"column":24}},"118":{"start":{"line":119,"column":0},"end":{"line":119,"column":39}},"119":{"start":{"line":120,"column":0},"end":{"line":120,"column":34}},"120":{"start":{"line":121,"column":0},"end":{"line":121,"column":26}},"121":{"start":{"line":122,"column":0},"end":{"line":122,"column":21}},"122":{"start":{"line":123,"column":0},"end":{"line":123,"column":36}},"123":{"start":{"line":124,"column":0},"end":{"line":124,"column":37}},"124":{"start":{"line":125,"column":0},"end":{"line":125,"column":133}},"125":{"start":{"line":126,"column":0},"end":{"line":126,"column":24}},"126":{"start":{"line":127,"column":0},"end":{"line":127,"column":20}},"127":{"start":{"line":128,"column":0},"end":{"line":128,"column":19}},"128":{"start":{"line":129,"column":0},"end":{"line":129,"column":71}},"129":{"start":{"line":130,"column":0},"end":{"line":130,"column":19}},"130":{"start":{"line":131,"column":0},"end":{"line":131,"column":14}},"131":{"start":{"line":132,"column":0},"end":{"line":132,"column":13}},"132":{"start":{"line":133,"column":0},"end":{"line":133,"column":10}},"133":{"start":{"line":134,"column":0},"end":{"line":134,"column":8}},"137":{"start":{"line":138,"column":0},"end":{"line":138,"column":36}},"138":{"start":{"line":139,"column":0},"end":{"line":139,"column":39}},"139":{"start":{"line":140,"column":0},"end":{"line":140,"column":44}},"140":{"start":{"line":141,"column":0},"end":{"line":141,"column":61}},"142":{"start":{"line":143,"column":0},"end":{"line":143,"column":27}},"143":{"start":{"line":144,"column":0},"end":{"line":144,"column":33}},"145":{"start":{"line":146,"column":0},"end":{"line":146,"column":23}},"146":{"start":{"line":147,"column":0},"end":{"line":147,"column":12}},"147":{"start":{"line":148,"column":0},"end":{"line":148,"column":15}},"148":{"start":{"line":149,"column":0},"end":{"line":149,"column":22}},"149":{"start":{"line":150,"column":0},"end":{"line":150,"column":3}},"151":{"start":{"line":152,"column":0},"end":{"line":152,"column":47}},"153":{"start":{"line":154,"column":0},"end":{"line":154,"column":28}},"154":{"start":{"line":155,"column":0},"end":{"line":155,"column":20}},"157":{"start":{"line":158,"column":0},"end":{"line":158,"column":50}},"158":{"start":{"line":159,"column":0},"end":{"line":159,"column":20}},"159":{"start":{"line":160,"column":0},"end":{"line":160,"column":45}},"160":{"start":{"line":161,"column":0},"end":{"line":161,"column":44}},"161":{"start":{"line":162,"column":0},"end":{"line":162,"column":62}},"162":{"start":{"line":163,"column":0},"end":{"line":163,"column":3}},"165":{"start":{"line":166,"column":0},"end":{"line":166,"column":23}},"166":{"start":{"line":167,"column":0},"end":{"line":167,"column":51}},"167":{"start":{"line":168,"column":0},"end":{"line":168,"column":40}},"168":{"start":{"line":169,"column":0},"end":{"line":169,"column":74}},"169":{"start":{"line":170,"column":0},"end":{"line":170,"column":3}},"172":{"start":{"line":173,"column":0},"end":{"line":173,"column":30}},"173":{"start":{"line":174,"column":0},"end":{"line":174,"column":66}},"174":{"start":{"line":175,"column":0},"end":{"line":175,"column":54}},"175":{"start":{"line":176,"column":0},"end":{"line":176,"column":60}},"176":{"start":{"line":177,"column":0},"end":{"line":177,"column":3}},"178":{"start":{"line":179,"column":0},"end":{"line":179,"column":48}},"179":{"start":{"line":180,"column":0},"end":{"line":180,"column":2}},"181":{"start":{"line":182,"column":0},"end":{"line":182,"column":34}},"182":{"start":{"line":183,"column":0},"end":{"line":183,"column":24}},"183":{"start":{"line":184,"column":0},"end":{"line":184,"column":11}},"184":{"start":{"line":185,"column":0},"end":{"line":185,"column":3}},"186":{"start":{"line":187,"column":0},"end":{"line":187,"column":25}},"188":{"start":{"line":189,"column":0},"end":{"line":189,"column":67}},"190":{"start":{"line":191,"column":0},"end":{"line":191,"column":23}},"192":{"start":{"line":193,"column":0},"end":{"line":193,"column":68}},"195":{"start":{"line":196,"column":0},"end":{"line":196,"column":12}},"196":{"start":{"line":197,"column":0},"end":{"line":197,"column":76}},"197":{"start":{"line":198,"column":0},"end":{"line":198,"column":8}},"198":{"start":{"line":199,"column":0},"end":{"line":199,"column":5}},"199":{"start":{"line":200,"column":0},"end":{"line":200,"column":26}},"200":{"start":{"line":201,"column":0},"end":{"line":201,"column":3}},"201":{"start":{"line":202,"column":0},"end":{"line":202,"column":2}}},"s":{"1":0,"2":0,"4":0,"5":0,"6":0,"7":0,"9":0,"10":0,"11":0,"13":0,"14":0,"16":0,"17":0,"18":0,"19":0,"21":0,"22":0,"23":0,"25":0,"26":0,"27":0,"28":0,"29":0,"30":0,"31":0,"32":0,"33":0,"34":0,"35":0,"36":0,"37":0,"38":0,"39":0,"40":0,"41":0,"42":0,"43":0,"45":0,"46":0,"47":0,"48":0,"49":0,"50":0,"51":0,"52":0,"53":0,"54":0,"55":0,"56":0,"57":0,"58":0,"59":0,"60":0,"61":0,"63":0,"64":0,"65":0,"66":0,"67":0,"68":0,"69":0,"70":0,"71":0,"72":0,"73":0,"74":0,"75":0,"76":0,"77":0,"78":0,"79":0,"80":0,"82":0,"83":0,"84":0,"85":0,"87":0,"88":0,"89":0,"90":0,"91":0,"92":0,"93":0,"94":0,"95":0,"97":0,"98":0,"99":0,"100":0,"101":0,"103":0,"104":0,"105":0,"107":0,"108":0,"109":0,"110":0,"111":0,"113":0,"114":0,"115":0,"116":0,"117":0,"118":0,"119":0,"120":0,"121":0,"122":0,"123":0,"124":0,"125":0,"126":0,"127":0,"128":0,"129":0,"130":0,"131":0,"132":0,"133":0,"137":0,"138":0,"139":0,"140":0,"142":0,"143":0,"145":0,"146":0,"147":0,"148":0,"149":0,"151":0,"153":0,"154":0,"157":0,"158":0,"159":0,"160":0,"161":0,"162":0,"165":0,"166":0,"167":0,"168":0,"169":0,"172":0,"173":0,"174":0,"175":0,"176":0,"178":0,"179":0,"181":0,"182":0,"183":0,"184":0,"186":0,"188":0,"190":0,"192":0,"195":0,"196":0,"197":0,"198":0,"199":0,"200":0,"201":0},"branchMap":{"0":{"type":"branch","line":1,"loc":{"start":{"line":1,"column":6876},"end":{"line":203,"column":9}},"locations":[{"start":{"line":1,"column":6876},"end":{"line":203,"column":9}}]}},"b":{"0":[1]},"fnMap":{"0":{"name":"(empty-report)","decl":{"start":{"line":1,"column":6876},"end":{"line":203,"column":9}},"loc":{"start":{"line":1,"column":6876},"end":{"line":203,"column":9}},"line":1}},"f":{"0":1}}
,"/home/adeel/development/vuejs/Habit-Flow/supabase/functions/send-email-notification/index.ts": {"path":"/home/adeel/development/vuejs/Habit-Flow/supabase/functions/send-email-notification/index.ts","all":true,"statementMap":{"0":{"start":{"line":1,"column":0},"end":{"line":1,"column":69}},"2":{"start":{"line":3,"column":0},"end":{"line":3,"column":54}},"14":{"start":{"line":15,"column":0},"end":{"line":15,"column":20}},"16":{"start":{"line":17,"column":0},"end":{"line":17,"column":33}},"17":{"start":{"line":18,"column":0},"end":{"line":18,"column":31}},"18":{"start":{"line":19,"column":0},"end":{"line":19,"column":16}},"19":{"start":{"line":20,"column":0},"end":{"line":20,"column":43}},"20":{"start":{"line":21,"column":0},"end":{"line":21,"column":47}},"21":{"start":{"line":22,"column":0},"end":{"line":22,"column":39}},"22":{"start":{"line":23,"column":0},"end":{"line":23,"column":63}},"23":{"start":{"line":24,"column":0},"end":{"line":24,"column":8}},"24":{"start":{"line":25,"column":0},"end":{"line":25,"column":7}},"25":{"start":{"line":26,"column":0},"end":{"line":26,"column":3}},"27":{"start":{"line":28,"column":0},"end":{"line":28,"column":7}},"29":{"start":{"line":30,"column":0},"end":{"line":30,"column":56}},"30":{"start":{"line":31,"column":0},"end":{"line":31,"column":22}},"31":{"start":{"line":32,"column":0},"end":{"line":32,"column":26}},"32":{"start":{"line":33,"column":0},"end":{"line":33,"column":66}},"33":{"start":{"line":34,"column":0},"end":{"line":34,"column":9}},"34":{"start":{"line":35,"column":0},"end":{"line":35,"column":22}},"35":{"start":{"line":36,"column":0},"end":{"line":36,"column":58}},"36":{"start":{"line":37,"column":0},"end":{"line":37,"column":9}},"37":{"start":{"line":38,"column":0},"end":{"line":38,"column":8}},"38":{"start":{"line":39,"column":0},"end":{"line":39,"column":5}},"41":{"start":{"line":42,"column":0},"end":{"line":42,"column":56}},"42":{"start":{"line":43,"column":0},"end":{"line":43,"column":11}},"43":{"start":{"line":44,"column":0},"end":{"line":44,"column":9}},"44":{"start":{"line":45,"column":0},"end":{"line":45,"column":14}},"45":{"start":{"line":46,"column":0},"end":{"line":46,"column":17}},"46":{"start":{"line":47,"column":0},"end":{"line":47,"column":23}},"47":{"start":{"line":48,"column":0},"end":{"line":48,"column":11}},"48":{"start":{"line":49,"column":0},"end":{"line":49,"column":18}},"49":{"start":{"line":50,"column":0},"end":{"line":50,"column":15}},"50":{"start":{"line":51,"column":0},"end":{"line":51,"column":21}},"53":{"start":{"line":54,"column":0},"end":{"line":54,"column":50}},"54":{"start":{"line":55,"column":0},"end":{"line":55,"column":26}},"55":{"start":{"line":56,"column":0},"end":{"line":56,"column":61}},"56":{"start":{"line":57,"column":0},"end":{"line":57,"column":9}},"57":{"start":{"line":58,"column":0},"end":{"line":58,"column":22}},"58":{"start":{"line":59,"column":0},"end":{"line":59,"column":58}},"59":{"start":{"line":60,"column":0},"end":{"line":60,"column":9}},"60":{"start":{"line":61,"column":0},"end":{"line":61,"column":8}},"61":{"start":{"line":62,"column":0},"end":{"line":62,"column":5}},"64":{"start":{"line":65,"column":0},"end":{"line":65,"column":25}},"65":{"start":{"line":66,"column":0},"end":{"line":66,"column":25}},"67":{"start":{"line":68,"column":0},"end":{"line":68,"column":19}},"68":{"start":{"line":69,"column":0},"end":{"line":69,"column":22}},"69":{"start":{"line":70,"column":0},"end":{"line":70,"column":44}},"70":{"start":{"line":71,"column":0},"end":{"line":71,"column":21}},"71":{"start":{"line":72,"column":0},"end":{"line":72,"column":27}},"72":{"start":{"line":73,"column":0},"end":{"line":73,"column":18}},"73":{"start":{"line":74,"column":0},"end":{"line":74,"column":10}},"74":{"start":{"line":75,"column":0},"end":{"line":75,"column":195}},"75":{"start":{"line":76,"column":0},"end":{"line":76,"column":14}},"77":{"start":{"line":78,"column":0},"end":{"line":78,"column":20}},"78":{"start":{"line":79,"column":0},"end":{"line":79,"column":42}},"79":{"start":{"line":80,"column":0},"end":{"line":80,"column":21}},"80":{"start":{"line":81,"column":0},"end":{"line":81,"column":27}},"81":{"start":{"line":82,"column":0},"end":{"line":82,"column":18}},"82":{"start":{"line":83,"column":0},"end":{"line":83,"column":10}},"83":{"start":{"line":84,"column":0},"end":{"line":84,"column":233}},"84":{"start":{"line":85,"column":0},"end":{"line":85,"column":14}},"86":{"start":{"line":87,"column":0},"end":{"line":87,"column":27}},"87":{"start":{"line":88,"column":0},"end":{"line":88,"column":58}},"88":{"start":{"line":89,"column":0},"end":{"line":89,"column":189}},"89":{"start":{"line":90,"column":0},"end":{"line":90,"column":14}},"91":{"start":{"line":92,"column":0},"end":{"line":92,"column":14}},"92":{"start":{"line":93,"column":0},"end":{"line":93,"column":78}},"93":{"start":{"line":94,"column":0},"end":{"line":94,"column":22}},"94":{"start":{"line":95,"column":0},"end":{"line":95,"column":58}},"95":{"start":{"line":96,"column":0},"end":{"line":96,"column":11}},"96":{"start":{"line":97,"column":0},"end":{"line":97,"column":5}},"99":{"start":{"line":100,"column":0},"end":{"line":100,"column":26}},"100":{"start":{"line":101,"column":0},"end":{"line":101,"column":26}},"101":{"start":{"line":102,"column":0},"end":{"line":102,"column":66}},"102":{"start":{"line":103,"column":0},"end":{"line":103,"column":9}},"103":{"start":{"line":104,"column":0},"end":{"line":104,"column":22}},"104":{"start":{"line":105,"column":0},"end":{"line":105,"column":58}},"105":{"start":{"line":106,"column":0},"end":{"line":106,"column":9}},"106":{"start":{"line":107,"column":0},"end":{"line":107,"column":8}},"107":{"start":{"line":108,"column":0},"end":{"line":108,"column":5}},"109":{"start":{"line":110,"column":0},"end":{"line":110,"column":72}},"110":{"start":{"line":111,"column":0},"end":{"line":111,"column":21}},"111":{"start":{"line":112,"column":0},"end":{"line":112,"column":16}},"112":{"start":{"line":113,"column":0},"end":{"line":113,"column":50}},"113":{"start":{"line":114,"column":0},"end":{"line":114,"column":43}},"114":{"start":{"line":115,"column":0},"end":{"line":115,"column":8}},"115":{"start":{"line":116,"column":0},"end":{"line":116,"column":28}},"116":{"start":{"line":117,"column":0},"end":{"line":117,"column":51}},"117":{"start":{"line":118,"column":0},"end":{"line":118,"column":17}},"118":{"start":{"line":119,"column":0},"end":{"line":119,"column":25}},"119":{"start":{"line":120,"column":0},"end":{"line":120,"column":26}},"120":{"start":{"line":121,"column":0},"end":{"line":121,"column":26}},"121":{"start":{"line":122,"column":0},"end":{"line":122,"column":9}},"122":{"start":{"line":123,"column":0},"end":{"line":123,"column":7}},"124":{"start":{"line":125,"column":0},"end":{"line":125,"column":28}},"125":{"start":{"line":126,"column":0},"end":{"line":126,"column":51}},"126":{"start":{"line":127,"column":0},"end":{"line":127,"column":52}},"127":{"start":{"line":128,"column":0},"end":{"line":128,"column":78}},"128":{"start":{"line":129,"column":0},"end":{"line":129,"column":20}},"129":{"start":{"line":130,"column":0},"end":{"line":130,"column":56}},"130":{"start":{"line":131,"column":0},"end":{"line":131,"column":9}},"131":{"start":{"line":132,"column":0},"end":{"line":132,"column":5}},"133":{"start":{"line":134,"column":0},"end":{"line":134,"column":49}},"135":{"start":{"line":136,"column":0},"end":{"line":136,"column":24}},"136":{"start":{"line":137,"column":0},"end":{"line":137,"column":22}},"137":{"start":{"line":138,"column":0},"end":{"line":138,"column":22}},"138":{"start":{"line":139,"column":0},"end":{"line":139,"column":32}},"139":{"start":{"line":140,"column":0},"end":{"line":140,"column":9}},"140":{"start":{"line":141,"column":0},"end":{"line":141,"column":7}},"141":{"start":{"line":142,"column":0},"end":{"line":142,"column":18}},"142":{"start":{"line":143,"column":0},"end":{"line":143,"column":45}},"143":{"start":{"line":144,"column":0},"end":{"line":144,"column":45}},"144":{"start":{"line":145,"column":0},"end":{"line":145,"column":10}},"145":{"start":{"line":146,"column":0},"end":{"line":146,"column":7}},"146":{"start":{"line":147,"column":0},"end":{"line":147,"column":6}},"147":{"start":{"line":148,"column":0},"end":{"line":148,"column":19}},"148":{"start":{"line":149,"column":0},"end":{"line":149,"column":49}},"149":{"start":{"line":150,"column":0},"end":{"line":150,"column":77}},"150":{"start":{"line":151,"column":0},"end":{"line":151,"column":18}},"151":{"start":{"line":152,"column":0},"end":{"line":152,"column":54}},"152":{"start":{"line":153,"column":0},"end":{"line":153,"column":7}},"153":{"start":{"line":154,"column":0},"end":{"line":154,"column":3}},"154":{"start":{"line":155,"column":0},"end":{"line":155,"column":3}},"156":{"start":{"line":157,"column":0},"end":{"line":157,"column":31}},"157":{"start":{"line":158,"column":0},"end":{"line":158,"column":21}},"158":{"start":{"line":159,"column":0},"end":{"line":159,"column":28}},"159":{"start":{"line":160,"column":0},"end":{"line":160,"column":19}},"160":{"start":{"line":161,"column":0},"end":{"line":161,"column":11}},"161":{"start":{"line":162,"column":0},"end":{"line":162,"column":10}},"185":{"start":{"line":186,"column":0},"end":{"line":186,"column":49}},"190":{"start":{"line":191,"column":0},"end":{"line":191,"column":86}},"191":{"start":{"line":192,"column":0},"end":{"line":192,"column":110}},"196":{"start":{"line":197,"column":0},"end":{"line":197,"column":107}},"204":{"start":{"line":205,"column":0},"end":{"line":205,"column":131}},"210":{"start":{"line":211,"column":0},"end":{"line":211,"column":1}},"212":{"start":{"line":213,"column":0},"end":{"line":213,"column":29}},"213":{"start":{"line":214,"column":0},"end":{"line":214,"column":21}},"214":{"start":{"line":215,"column":0},"end":{"line":215,"column":22}},"215":{"start":{"line":216,"column":0},"end":{"line":216,"column":19}},"216":{"start":{"line":217,"column":0},"end":{"line":217,"column":11}},"217":{"start":{"line":218,"column":0},"end":{"line":218,"column":15}},"218":{"start":{"line":219,"column":0},"end":{"line":219,"column":22}},"219":{"start":{"line":220,"column":0},"end":{"line":220,"column":12}},"220":{"start":{"line":221,"column":0},"end":{"line":221,"column":25}},"221":{"start":{"line":222,"column":0},"end":{"line":222,"column":14}},"222":{"start":{"line":223,"column":0},"end":{"line":223,"column":26}},"223":{"start":{"line":224,"column":0},"end":{"line":224,"column":15}},"224":{"start":{"line":225,"column":0},"end":{"line":225,"column":17}},"226":{"start":{"line":227,"column":0},"end":{"line":227,"column":10}},"247":{"start":{"line":248,"column":0},"end":{"line":248,"column":53}},"251":{"start":{"line":252,"column":0},"end":{"line":252,"column":62}},"254":{"start":{"line":255,"column":0},"end":{"line":255,"column":67}},"256":{"start":{"line":257,"column":0},"end":{"line":257,"column":93}},"263":{"start":{"line":264,"column":0},"end":{"line":264,"column":107}},"271":{"start":{"line":272,"column":0},"end":{"line":272,"column":131}},"277":{"start":{"line":278,"column":0},"end":{"line":278,"column":1}},"279":{"start":{"line":280,"column":0},"end":{"line":280,"column":63}},"280":{"start":{"line":281,"column":0},"end":{"line":281,"column":10}},"303":{"start":{"line":304,"column":0},"end":{"line":304,"column":49}},"307":{"start":{"line":308,"column":0},"end":{"line":308,"column":110}},"317":{"start":{"line":318,"column":0},"end":{"line":318,"column":131}},"323":{"start":{"line":324,"column":0},"end":{"line":324,"column":1}}},"s":{"0":0,"2":0,"14":0,"16":0,"17":0,"18":0,"19":0,"20":0,"21":0,"22":0,"23":0,"24":0,"25":0,"27":0,"29":0,"30":0,"31":0,"32":0,"33":0,"34":0,"35":0,"36":0,"37":0,"38":0,"41":0,"42":0,"43":0,"44":0,"45":0,"46":0,"47":0,"48":0,"49":0,"50":0,"53":0,"54":0,"55":0,"56":0,"57":0,"58":0,"59":0,"60":0,"61":0,"64":0,"65":0,"67":0,"68":0,"69":0,"70":0,"71":0,"72":0,"73":0,"74":0,"75":0,"77":0,"78":0,"79":0,"80":0,"81":0,"82":0,"83":0,"84":0,"86":0,"87":0,"88":0,"89":0,"91":0,"92":0,"93":0,"94":0,"95":0,"96":0,"99":0,"100":0,"101":0,"102":0,"103":0,"104":0,"105":0,"106":0,"107":0,"109":0,"110":0,"111":0,"112":0,"113":0,"114":0,"115":0,"116":0,"117":0,"118":0,"119":0,"120":0,"121":0,"122":0,"124":0,"125":0,"126":0,"127":0,"128":0,"129":0,"130":0,"131":0,"133":0,"135":0,"136":0,"137":0,"138":0,"139":0,"140":0,"141":0,"142":0,"143":0,"144":0,"145":0,"146":0,"147":0,"148":0,"149":0,"150":0,"151":0,"152":0,"153":0,"154":0,"156":0,"157":0,"158":0,"159":0,"160":0,"161":0,"185":0,"190":0,"191":0,"196":0,"204":0,"210":0,"212":0,"213":0,"214":0,"215":0,"216":0,"217":0,"218":0,"219":0,"220":0,"221":0,"222":0,"223":0,"224":0,"226":0,"247":0,"251":0,"254":0,"256":0,"263":0,"271":0,"277":0,"279":0,"280":0,"303":0,"307":0,"317":0,"323":0},"branchMap":{"0":{"type":"branch","line":1,"loc":{"start":{"line":1,"column":12377},"end":{"line":324,"column":1}},"locations":[{"start":{"line":1,"column":12377},"end":{"line":324,"column":1}}]}},"b":{"0":[0]},"fnMap":{"0":{"name":"(empty-report)","decl":{"start":{"line":1,"column":12377},"end":{"line":324,"column":1}},"loc":{"start":{"line":1,"column":12377},"end":{"line":324,"column":1}},"line":1}},"f":{"0":0}}
}
